<?xml version="1.0" encoding="UTF-8"?>
<testsuites name="functional-negativecase2" time="1277.222" tests="15" failures="1" errors="0">
   <testsuite name="functional-negativecase2" tests="15" failures="1" errors="0" time="1277.222" skipped="0" timestamp="2023-09-29 07:23:03" hostname="LENOVO - LAPTOP-6D1EASRA" id="Test Suites/functional-negativecase2">
      <properties>
[...]
</properties>
      <testcase name="Test Cases/Functionality/negative-testcase2/regist new cust but empty customer id" time="117.03" classname="Test Cases/Functionality/negative-testcase2/regist new cust but empty customer id" status="PASSED">
         <system-out><![CDATA[2023-09-29 07:23:04 - [TEST_CASE][PASSED] - Test Cases/Functionality/negative-testcase2/regist new cust but empty customer id: Test Cases/Functionality/negative-testcase2/regist new cust but empty customer id

2023-09-29 07:23:04 - [TEST_STEP][PASSED] - randomText = RandomStringUtils.randomAlphanumeric(5): null

2023-09-29 07:23:04 - [TEST_STEP][PASSED] - randomNum = RandomStringUtils.randomNumeric(5): null

2023-09-29 07:23:04 - [TEST_STEP][PASSED] - openBrowser(""): Browser is opened with url: ''

2023-09-29 07:23:04 - [MESSAGE][INFO] - Starting 'Chrome' driver

2023-09-29 07:23:05 - [MESSAGE][INFO] - Action delay is set to 0 milliseconds

2023-09-29 07:23:06 - [MESSAGE][PASSED] - Browser is opened with url: ''

2023-09-29 07:23:06 - [TEST_STEP][PASSED] - navigateToUrl("https://sandbox.product.prieds.com/"): Navigate to 'https://sandbox.product.prieds.com/' successfully

2023-09-29 07:23:38 - [MESSAGE][PASSED] - Navigate to 'https://sandbox.product.prieds.com/' successfully

2023-09-29 07:23:38 - [TEST_STEP][PASSED] - setText(findTestObject("Object Repository/Page_Prieds Technology/input_Sign In_username"), "testingwmslite2"): Text 'testingwmslite2' is set on object 'Object Repository/Page_Prieds Technology/input_Sign In_username'

2023-09-29 07:23:39 - [MESSAGE][PASSED] - Text 'testingwmslite2' is set on object 'Object Repository/Page_Prieds Technology/input_Sign In_username'

2023-09-29 07:23:39 - [TEST_STEP][PASSED] - setEncryptedText(findTestObject("Object Repository/Page_Prieds Technology/input_IDUsername_password"), "U8NeUUalMC6sqe9eTsnb2g=="): Text ****** has been set on object 'Object Repository/Page_Prieds Technology/input_IDUsername_password'

2023-09-29 07:23:40 - [MESSAGE][PASSED] - Text ****** has been set on object 'Object Repository/Page_Prieds Technology/input_IDUsername_password'

2023-09-29 07:23:40 - [TEST_STEP][PASSED] - click(findTestObject("Object Repository/Page_Prieds Technology/span_Login")): Object: 'Object Repository/Page_Prieds Technology/span_Login' is clicked on

2023-09-29 07:23:40 - [MESSAGE][PASSED] - Object: 'Object Repository/Page_Prieds Technology/span_Login' is clicked on

2023-09-29 07:23:40 - [TEST_STEP][PASSED] - click(findTestObject("Object Repository/Page_Prieds Technology/div_Master")): Object: 'Object Repository/Page_Prieds Technology/div_Master' is clicked on

2023-09-29 07:24:01 - [MESSAGE][PASSED] - Object: 'Object Repository/Page_Prieds Technology/div_Master' is clicked on

2023-09-29 07:24:01 - [TEST_STEP][PASSED] - click(findTestObject("Object Repository/Page_Prieds Technology/div_Customer Management")): Object: 'Object Repository/Page_Prieds Technology/div_Customer Management' is clicked on

2023-09-29 07:24:02 - [MESSAGE][PASSED] - Object: 'Object Repository/Page_Prieds Technology/div_Customer Management' is clicked on

2023-09-29 07:24:02 - [TEST_STEP][PASSED] - click(findTestObject("Object Repository/Page_Prieds Technology/div_Customer Register")): Object: 'Object Repository/Page_Prieds Technology/div_Customer Register' is clicked on

2023-09-29 07:24:07 - [MESSAGE][PASSED] - Object: 'Object Repository/Page_Prieds Technology/div_Customer Register' is clicked on

2023-09-29 07:24:07 - [TEST_STEP][PASSED] - click(findTestObject("Object Repository/Page_Prieds Technology/div_Salesman ID Salesman ID")): Object: 'Object Repository/Page_Prieds Technology/div_Salesman ID Salesman ID' is clicked on

2023-09-29 07:24:09 - [MESSAGE][PASSED] - Object: 'Object Repository/Page_Prieds Technology/div_Salesman ID Salesman ID' is clicked on

2023-09-29 07:24:09 - [TEST_STEP][PASSED] - click(findTestObject("Object Repository/Page_Prieds Technology/span_REYNER")): Object: 'Object Repository/Page_Prieds Technology/span_REYNER' is clicked on

2023-09-29 07:24:09 - [MESSAGE][PASSED] - Object: 'Object Repository/Page_Prieds Technology/span_REYNER' is clicked on

2023-09-29 07:24:09 - [TEST_STEP][PASSED] - setText(findTestObject("Object Repository/Page_Prieds Technology/input_Salesman ID_createcustomer-customerre_2602e6"), "customerName" + randomText): Text 'customerNameucFvI' is set on object 'Object Repository/Page_Prieds Technology/input_Salesman ID_createcustomer-customerre_2602e6'

2023-09-29 07:24:11 - [MESSAGE][PASSED] - Text 'customerNameucFvI' is set on object 'Object Repository/Page_Prieds Technology/input_Salesman ID_createcustomer-customerre_2602e6'

2023-09-29 07:24:11 - [TEST_STEP][PASSED] - setText(findTestObject("Object Repository/Page_Prieds Technology/input_Customer Name_createcustomer-customer_9f598b"), "PIC" + randomText): Text 'PICucFvI' is set on object 'Object Repository/Page_Prieds Technology/input_Customer Name_createcustomer-customer_9f598b'

2023-09-29 07:24:12 - [MESSAGE][PASSED] - Text 'PICucFvI' is set on object 'Object Repository/Page_Prieds Technology/input_Customer Name_createcustomer-customer_9f598b'

2023-09-29 07:24:12 - [TEST_STEP][PASSED] - setText(findTestObject("Object Repository/Page_Prieds Technology/input_PIC_createcustomer-customerregister-c_7d29d8"), "email" + randomText + "@mailinator.com"): Text 'emailucFvI@mailinator.com' is set on object 'Object Repository/Page_Prieds Technology/input_PIC_createcustomer-customerregister-c_7d29d8'

2023-09-29 07:24:13 - [MESSAGE][PASSED] - Text 'emailucFvI@mailinator.com' is set on object 'Object Repository/Page_Prieds Technology/input_PIC_createcustomer-customerregister-c_7d29d8'

2023-09-29 07:24:13 - [TEST_STEP][PASSED] - setText(findTestObject("Object Repository/Page_Prieds Technology/input_Email_createcustomer-customerregister_6409b8"), "city" + randomText): Text 'cityucFvI' is set on object 'Object Repository/Page_Prieds Technology/input_Email_createcustomer-customerregister_6409b8'

2023-09-29 07:24:14 - [MESSAGE][PASSED] - Text 'cityucFvI' is set on object 'Object Repository/Page_Prieds Technology/input_Email_createcustomer-customerregister_6409b8'

2023-09-29 07:24:14 - [TEST_STEP][PASSED] - setText(findTestObject("Object Repository/Page_Prieds Technology/input_City_createcustomer-customerregister-_1096a9"), "reMark" + randomText): Text 'reMarkucFvI' is set on object 'Object Repository/Page_Prieds Technology/input_City_createcustomer-customerregister-_1096a9'

2023-09-29 07:24:15 - [MESSAGE][PASSED] - Text 'reMarkucFvI' is set on object 'Object Repository/Page_Prieds Technology/input_City_createcustomer-customerregister-_1096a9'

2023-09-29 07:24:15 - [TEST_STEP][PASSED] - setText(findTestObject("Object Repository/Page_Prieds Technology/input_Remark_createcustomer-customerregiste_e3ba5d"), "08.178.554.2-123.321" + randomNum): Text '08.178.554.2-123.32113785' is set on object 'Object Repository/Page_Prieds Technology/input_Remark_createcustomer-customerregiste_e3ba5d'

2023-09-29 07:24:15 - [MESSAGE][PASSED] - Text '08.178.554.2-123.32113785' is set on object 'Object Repository/Page_Prieds Technology/input_Remark_createcustomer-customerregiste_e3ba5d'

2023-09-29 07:24:15 - [TEST_STEP][PASSED] - setText(findTestObject("Object Repository/Page_Prieds Technology/input_NPWP_createcustomer-customerregister-_b2e4d8"), "tier" + randomText): Text 'tierucFvI' is set on object 'Object Repository/Page_Prieds Technology/input_NPWP_createcustomer-customerregister-_b2e4d8'

2023-09-29 07:24:16 - [MESSAGE][PASSED] - Text 'tierucFvI' is set on object 'Object Repository/Page_Prieds Technology/input_NPWP_createcustomer-customerregister-_b2e4d8'

2023-09-29 07:24:16 - [TEST_STEP][PASSED] - setText(findTestObject("Object Repository/Page_Prieds Technology/textarea_Tier_createcustomer-customerregist_831bae"), "address1" + randomText): Text 'address1ucFvI' is set on object 'Object Repository/Page_Prieds Technology/textarea_Tier_createcustomer-customerregist_831bae'

2023-09-29 07:24:17 - [MESSAGE][PASSED] - Text 'address1ucFvI' is set on object 'Object Repository/Page_Prieds Technology/textarea_Tier_createcustomer-customerregist_831bae'

2023-09-29 07:24:17 - [TEST_STEP][PASSED] - setText(findTestObject("Object Repository/Page_Prieds Technology/textarea_Address_createcustomer-customerreg_2c8b43"), "address2" + randomText): Text 'address2ucFvI' is set on object 'Object Repository/Page_Prieds Technology/textarea_Address_createcustomer-customerreg_2c8b43'

2023-09-29 07:24:20 - [MESSAGE][PASSED] - Text 'address2ucFvI' is set on object 'Object Repository/Page_Prieds Technology/textarea_Address_createcustomer-customerreg_2c8b43'

2023-09-29 07:24:20 - [TEST_STEP][PASSED] - setText(findTestObject("Object Repository/Page_Prieds Technology/input_Address 2_createcustomer-customerregi_b33ca3"), "0801" + randomNum): Text '080113785' is set on object 'Object Repository/Page_Prieds Technology/input_Address 2_createcustomer-customerregi_b33ca3'

2023-09-29 07:24:20 - [MESSAGE][PASSED] - Text '080113785' is set on object 'Object Repository/Page_Prieds Technology/input_Address 2_createcustomer-customerregi_b33ca3'

2023-09-29 07:24:20 - [TEST_STEP][PASSED] - setText(findTestObject("Object Repository/Page_Prieds Technology/input_Contact No_createcustomer-customerreg_0f8d35"), "region" + randomText): Text 'regionucFvI' is set on object 'Object Repository/Page_Prieds Technology/input_Contact No_createcustomer-customerreg_0f8d35'

2023-09-29 07:24:21 - [MESSAGE][PASSED] - Text 'regionucFvI' is set on object 'Object Repository/Page_Prieds Technology/input_Contact No_createcustomer-customerreg_0f8d35'

2023-09-29 07:24:21 - [TEST_STEP][PASSED] - setText(findTestObject("Object Repository/Page_Prieds Technology/input_Region_createcustomer-customerregiste_b1824f"), "province" + randomText): Text 'provinceucFvI' is set on object 'Object Repository/Page_Prieds Technology/input_Region_createcustomer-customerregiste_b1824f'

2023-09-29 07:24:22 - [MESSAGE][PASSED] - Text 'provinceucFvI' is set on object 'Object Repository/Page_Prieds Technology/input_Region_createcustomer-customerregiste_b1824f'

2023-09-29 07:24:22 - [TEST_STEP][PASSED] - setText(findTestObject("Object Repository/Page_Prieds Technology/input_Province_createcustomer-customerregis_1acb6e"), ""): Text '' is set on object 'Object Repository/Page_Prieds Technology/input_Province_createcustomer-customerregis_1acb6e'

2023-09-29 07:24:23 - [MESSAGE][PASSED] - Text '' is set on object 'Object Repository/Page_Prieds Technology/input_Province_createcustomer-customerregis_1acb6e'

2023-09-29 07:24:23 - [TEST_STEP][PASSED] - click(findTestObject("Object Repository/Page_Prieds Technology/input_Province_createcustomer-customerregis_1acb6e")): Object: 'Object Repository/Page_Prieds Technology/input_Province_createcustomer-customerregis_1acb6e' is clicked on

2023-09-29 07:24:23 - [MESSAGE][PASSED] - Object: 'Object Repository/Page_Prieds Technology/input_Province_createcustomer-customerregis_1acb6e' is clicked on

2023-09-29 07:24:23 - [TEST_STEP][PASSED] - click(findTestObject("Object Repository/Page_Prieds Technology/span_JNE Express")): Object: 'Object Repository/Page_Prieds Technology/span_JNE Express' is clicked on

2023-09-29 07:24:24 - [MESSAGE][PASSED] - Object: 'Object Repository/Page_Prieds Technology/span_JNE Express' is clicked on

2023-09-29 07:24:24 - [TEST_STEP][PASSED] - click(findTestObject("Object Repository/Page_Prieds Technology/div_Term Of Payment")): Object: 'Object Repository/Page_Prieds Technology/div_Term Of Payment' is clicked on

2023-09-29 07:24:24 - [MESSAGE][PASSED] - Object: 'Object Repository/Page_Prieds Technology/div_Term Of Payment' is clicked on

2023-09-29 07:24:24 - [TEST_STEP][PASSED] - click(findTestObject("Object Repository/Page_Prieds Technology/span_NET0")): Object: 'Object Repository/Page_Prieds Technology/span_NET0' is clicked on

2023-09-29 07:24:25 - [MESSAGE][PASSED] - Object: 'Object Repository/Page_Prieds Technology/span_NET0' is clicked on

2023-09-29 07:24:25 - [TEST_STEP][PASSED] - click(findTestObject("Object Repository/Page_Prieds Technology/span_Submit")): Object: 'Object Repository/Page_Prieds Technology/span_Submit' is clicked on

2023-09-29 07:24:26 - [MESSAGE][PASSED] - Object: 'Object Repository/Page_Prieds Technology/span_Submit' is clicked on

2023-09-29 07:24:26 - [TEST_STEP][PASSED] - click(findTestObject("Object Repository/Page_Prieds Technology/span_Yes")): Object: 'Object Repository/Page_Prieds Technology/span_Yes' is clicked on

2023-09-29 07:24:57 - [MESSAGE][INFO] - Unable to find the element located by 'By.xpath: //button[@id='button-yes-confirmmodal']/span'. Please recheck the objects properties to make sure the desired element is located. 

2023-09-29 07:24:57 - [MESSAGE][WARNING] - [SELF-HEALING] Failed to find element with id 'Object Repository/Page_Prieds Technology/span_Yes'. Try using Self-healing.

2023-09-29 07:24:57 - [MESSAGE][WARNING] - [SELF-HEALING] The current locator of test object 'Object Repository/Page_Prieds Technology/span_Yes' was broken. Propose an alternative one: '(.//*[normalize-space(text()) and normalize-space(.)='Support/Help'])[1]/preceding::span[1]'.

2023-09-29 07:24:57 - [MESSAGE][PASSED] - Object: 'Object Repository/Page_Prieds Technology/span_Yes' is clicked on

2023-09-29 07:24:57 - [TEST_STEP][PASSED] - verifyElementVisible(findTestObject("Object Repository/Page_Prieds Technology/div_Mohon Isi Customer ID Terlebih Dahulu")): Object 'Object Repository/Page_Prieds Technology/div_Mohon Isi Customer ID Terlebih Dahulu' is visible

2023-09-29 07:24:58 - [MESSAGE][PASSED] - Object 'Object Repository/Page_Prieds Technology/div_Mohon Isi Customer ID Terlebih Dahulu' is visible

2023-09-29 07:24:58 - [TEST_STEP][PASSED] - verifyElementVisible(findTestObject("Object Repository/Page_Prieds Technology/img_concat(id(, , -img-snackbar, , ))_-img-_6a7c1a")): Object 'Object Repository/Page_Prieds Technology/img_concat(id(, , -img-snackbar, , ))_-img-_6a7c1a' is visible

2023-09-29 07:24:59 - [MESSAGE][PASSED] - Object 'Object Repository/Page_Prieds Technology/img_concat(id(, , -img-snackbar, , ))_-img-_6a7c1a' is visible

2023-09-29 07:25:01 - [TEST_STEP][PASSED] - Video: Video recording for test case 'Test Cases/Functionality/negative-testcase2/regist new cust but empty customer id' .

2023-09-29 07:25:01 - [MESSAGE][INFO] - Video recording for test case 'Test Cases/Functionality/negative-testcase2/regist new cust but empty customer id' .]]></system-out>
         <system-err><![CDATA[]]></system-err>
      </testcase>
      <testcase name="Test Cases/Functionality/negative-testcase2/regist new cust but empty salesmanID" time="59.512" classname="Test Cases/Functionality/negative-testcase2/regist new cust but empty salesmanID" status="FAILED">
         <failure type="FAILED" message="Test Cases/Functionality/negative-testcase2/regist new cust but empty salesmanID FAILED.
Reason:
com.kms.katalon.core.exception.StepFailedException: Unable to verify object 'Object Repository/Page_Prieds Technology/img_concat(id(, , -img-snackbar, , ))_-img-_6a7c1a' is visible
	at com.kms.katalon.core.webui.keyword.internal.WebUIKeywordMain.stepFailed(WebUIKeywordMain.groovy:64)
	at com.kms.katalon.core.webui.keyword.internal.WebUIKeywordMain.runKeyword(WebUIKeywordMain.groovy:26)
	at com.kms.katalon.core.webui.keyword.builtin.VerifyElementVisibleKeyword.verifyElementVisible(VerifyElementVisibleKeyword.groovy:97)
	at com.kms.katalon.core.webui.keyword.builtin.VerifyElementVisibleKeyword.execute(VerifyElementVisibleKeyword.groovy:67)
	at com.kms.katalon.core.keyword.internal.KeywordExecutor.executeKeywordForPlatform(KeywordExecutor.groovy:74)
	at com.kms.katalon.core.webui.keyword.WebUiBuiltInKeywords.verifyElementVisible(WebUiBuiltInKeywords.groovy:376)
	at com.kms.katalon.core.webui.keyword.WebUiBuiltInKeywords$verifyElementVisible$4.call(Unknown Source)
	at regist new cust but empty salesmanID.run(regist new cust but empty salesmanID:96)
	at com.kms.katalon.core.main.ScriptEngine.run(ScriptEngine.java:194)
	at com.kms.katalon.core.main.ScriptEngine.runScriptAsRawText(ScriptEngine.java:119)
	at com.kms.katalon.core.main.TestCaseExecutor.runScript(TestCaseExecutor.java:448)
	at com.kms.katalon.core.main.TestCaseExecutor.doExecute(TestCaseExecutor.java:439)
	at com.kms.katalon.core.main.TestCaseExecutor.processExecutionPhase(TestCaseExecutor.java:418)
	at com.kms.katalon.core.main.TestCaseExecutor.accessMainPhase(TestCaseExecutor.java:410)
	at com.kms.katalon.core.main.TestCaseExecutor.execute(TestCaseExecutor.java:285)
	at com.kms.katalon.core.main.TestCaseExecutor.execute(TestCaseExecutor.java:369)
	at com.kms.katalon.core.main.TestCaseExecutor.execute(TestCaseExecutor.java:369)
	at com.kms.katalon.core.main.TestCaseExecutor.execute(TestCaseExecutor.java:369)
	at com.kms.katalon.core.common.CommonExecutor.accessTestCaseMainPhase(CommonExecutor.java:65)
	at com.kms.katalon.core.main.TestSuiteExecutor.accessTestSuiteMainPhase(TestSuiteExecutor.java:148)
	at com.kms.katalon.core.main.TestSuiteExecutor.execute(TestSuiteExecutor.java:106)
	at com.kms.katalon.core.main.TestCaseMain.startTestSuite(TestCaseMain.java:187)
	at com.kms.katalon.core.main.TestCaseMain$startTestSuite$0.call(Unknown Source)
	at TempTestSuite1695946981728.run(TempTestSuite1695946981728.groovy:36)
Caused by: com.kms.katalon.core.exception.StepFailedException: Object 'Object Repository/Page_Prieds Technology/img_concat(id(, , -img-snackbar, , ))_-img-_6a7c1a' is NOT visible
	at com.kms.katalon.core.webui.keyword.internal.WebUIKeywordMain.stepFailed(WebUIKeywordMain.groovy:64)
	at com.kms.katalon.core.webui.keyword.builtin.VerifyElementVisibleKeyword$_verifyElementVisible_closure1.doCall(VerifyElementVisibleKeyword.groovy:83)
	at com.kms.katalon.core.webui.keyword.builtin.VerifyElementVisibleKeyword$_verifyElementVisible_closure1.call(VerifyElementVisibleKeyword.groovy)
	at com.kms.katalon.core.webui.keyword.internal.WebUIKeywordMain.runKeyword(WebUIKeywordMain.groovy:20)
	... 22 more
"/>
         <system-out><![CDATA[2023-09-29 07:28:42 - [TEST_CASE][FAILED] - Test Cases/Functionality/negative-testcase2/regist new cust but empty salesmanID: Test Cases/Functionality/negative-testcase2/regist new cust but empty salesmanID FAILED.
Reason:
com.kms.katalon.core.exception.StepFailedException: Unable to verify object 'Object Repository/Page_Prieds Technology/img_concat(id(, , -img-snackbar, , ))_-img-_6a7c1a' is visible
	at com.kms.katalon.core.webui.keyword.internal.WebUIKeywordMain.stepFailed(WebUIKeywordMain.groovy:64)
	at com.kms.katalon.core.webui.keyword.internal.WebUIKeywordMain.runKeyword(WebUIKeywordMain.groovy:26)
	at com.kms.katalon.core.webui.keyword.builtin.VerifyElementVisibleKeyword.verifyElementVisible(VerifyElementVisibleKeyword.groovy:97)
	at com.kms.katalon.core.webui.keyword.builtin.VerifyElementVisibleKeyword.execute(VerifyElementVisibleKeyword.groovy:67)
	at com.kms.katalon.core.keyword.internal.KeywordExecutor.executeKeywordForPlatform(KeywordExecutor.groovy:74)
	at com.kms.katalon.core.webui.keyword.WebUiBuiltInKeywords.verifyElementVisible(WebUiBuiltInKeywords.groovy:376)
	at com.kms.katalon.core.webui.keyword.WebUiBuiltInKeywords$verifyElementVisible$4.call(Unknown Source)
	at regist new cust but empty salesmanID.run(regist new cust but empty salesmanID:96)
	at com.kms.katalon.core.main.ScriptEngine.run(ScriptEngine.java:194)
	at com.kms.katalon.core.main.ScriptEngine.runScriptAsRawText(ScriptEngine.java:119)
	at com.kms.katalon.core.main.TestCaseExecutor.runScript(TestCaseExecutor.java:448)
	at com.kms.katalon.core.main.TestCaseExecutor.doExecute(TestCaseExecutor.java:439)
	at com.kms.katalon.core.main.TestCaseExecutor.processExecutionPhase(TestCaseExecutor.java:418)
	at com.kms.katalon.core.main.TestCaseExecutor.accessMainPhase(TestCaseExecutor.java:410)
	at com.kms.katalon.core.main.TestCaseExecutor.execute(TestCaseExecutor.java:285)
	at com.kms.katalon.core.main.TestCaseExecutor.execute(TestCaseExecutor.java:369)
	at com.kms.katalon.core.main.TestCaseExecutor.execute(TestCaseExecutor.java:369)
	at com.kms.katalon.core.main.TestCaseExecutor.execute(TestCaseExecutor.java:369)
	at com.kms.katalon.core.common.CommonExecutor.accessTestCaseMainPhase(CommonExecutor.java:65)
	at com.kms.katalon.core.main.TestSuiteExecutor.accessTestSuiteMainPhase(TestSuiteExecutor.java:148)
	at com.kms.katalon.core.main.TestSuiteExecutor.execute(TestSuiteExecutor.java:106)
	at com.kms.katalon.core.main.TestCaseMain.startTestSuite(TestCaseMain.java:187)
	at com.kms.katalon.core.main.TestCaseMain$startTestSuite$0.call(Unknown Source)
	at TempTestSuite1695946981728.run(TempTestSuite1695946981728.groovy:36)
Caused by: com.kms.katalon.core.exception.StepFailedException: Object 'Object Repository/Page_Prieds Technology/img_concat(id(, , -img-snackbar, , ))_-img-_6a7c1a' is NOT visible
	at com.kms.katalon.core.webui.keyword.internal.WebUIKeywordMain.stepFailed(WebUIKeywordMain.groovy:64)
	at com.kms.katalon.core.webui.keyword.builtin.VerifyElementVisibleKeyword$_verifyElementVisible_closure1.doCall(VerifyElementVisibleKeyword.groovy:83)
	at com.kms.katalon.core.webui.keyword.builtin.VerifyElementVisibleKeyword$_verifyElementVisible_closure1.call(VerifyElementVisibleKeyword.groovy)
	at com.kms.katalon.core.webui.keyword.internal.WebUIKeywordMain.runKeyword(WebUIKeywordMain.groovy:20)
	... 22 more


2023-09-29 07:28:43 - [TEST_STEP][PASSED] - randomText = RandomStringUtils.randomAlphanumeric(5): null

2023-09-29 07:28:43 - [TEST_STEP][PASSED] - randomNum = RandomStringUtils.randomNumeric(5): null

2023-09-29 07:28:43 - [TEST_STEP][PASSED] - openBrowser(""): Browser is opened with url: ''

2023-09-29 07:28:43 - [MESSAGE][WARNING] - A browser is already opened. Closing browser and opening a new one

2023-09-29 07:28:43 - [MESSAGE][INFO] - Starting 'Chrome' driver

2023-09-29 07:28:43 - [MESSAGE][INFO] - Action delay is set to 0 milliseconds

2023-09-29 07:28:44 - [MESSAGE][PASSED] - Browser is opened with url: ''

2023-09-29 07:28:44 - [TEST_STEP][PASSED] - navigateToUrl("https://sandbox.product.prieds.com/"): Navigate to 'https://sandbox.product.prieds.com/' successfully

2023-09-29 07:29:05 - [MESSAGE][PASSED] - Navigate to 'https://sandbox.product.prieds.com/' successfully

2023-09-29 07:29:05 - [TEST_STEP][PASSED] - setText(findTestObject("Object Repository/Page_Prieds Technology/input_Sign In_username"), "testingwmslite2"): Text 'testingwmslite2' is set on object 'Object Repository/Page_Prieds Technology/input_Sign In_username'

2023-09-29 07:29:06 - [MESSAGE][PASSED] - Text 'testingwmslite2' is set on object 'Object Repository/Page_Prieds Technology/input_Sign In_username'

2023-09-29 07:29:06 - [TEST_STEP][PASSED] - setEncryptedText(findTestObject("Object Repository/Page_Prieds Technology/input_IDUsername_password"), "U8NeUUalMC6sqe9eTsnb2g=="): Text ****** has been set on object 'Object Repository/Page_Prieds Technology/input_IDUsername_password'

2023-09-29 07:29:06 - [MESSAGE][PASSED] - Text ****** has been set on object 'Object Repository/Page_Prieds Technology/input_IDUsername_password'

2023-09-29 07:29:06 - [TEST_STEP][PASSED] - click(findTestObject("Object Repository/Page_Prieds Technology/span_Login")): Object: 'Object Repository/Page_Prieds Technology/span_Login' is clicked on

2023-09-29 07:29:07 - [MESSAGE][PASSED] - Object: 'Object Repository/Page_Prieds Technology/span_Login' is clicked on

2023-09-29 07:29:07 - [TEST_STEP][PASSED] - click(findTestObject("Object Repository/Page_Prieds Technology/div_Master")): Object: 'Object Repository/Page_Prieds Technology/div_Master' is clicked on

2023-09-29 07:29:19 - [MESSAGE][PASSED] - Object: 'Object Repository/Page_Prieds Technology/div_Master' is clicked on

2023-09-29 07:29:19 - [TEST_STEP][PASSED] - click(findTestObject("Object Repository/Page_Prieds Technology/div_Customer Management")): Object: 'Object Repository/Page_Prieds Technology/div_Customer Management' is clicked on

2023-09-29 07:29:19 - [MESSAGE][PASSED] - Object: 'Object Repository/Page_Prieds Technology/div_Customer Management' is clicked on

2023-09-29 07:29:19 - [TEST_STEP][PASSED] - click(findTestObject("Object Repository/Page_Prieds Technology/div_Customer Register")): Object: 'Object Repository/Page_Prieds Technology/div_Customer Register' is clicked on

2023-09-29 07:29:22 - [MESSAGE][PASSED] - Object: 'Object Repository/Page_Prieds Technology/div_Customer Register' is clicked on

2023-09-29 07:29:22 - [TEST_STEP][PASSED] - setText(findTestObject("Object Repository/Page_Prieds Technology/input_Customer Biodata_createcustomer-custo_d931ad"), "customerid" + randomText): Text 'customeridF3reC' is set on object 'Object Repository/Page_Prieds Technology/input_Customer Biodata_createcustomer-custo_d931ad'

2023-09-29 07:29:24 - [MESSAGE][PASSED] - Text 'customeridF3reC' is set on object 'Object Repository/Page_Prieds Technology/input_Customer Biodata_createcustomer-custo_d931ad'

2023-09-29 07:29:24 - [TEST_STEP][PASSED] - setText(findTestObject("Object Repository/Page_Prieds Technology/input_Salesman ID_createcustomer-customerre_2602e6"), "customerName" + randomText): Text 'customerNameF3reC' is set on object 'Object Repository/Page_Prieds Technology/input_Salesman ID_createcustomer-customerre_2602e6'

2023-09-29 07:29:25 - [MESSAGE][PASSED] - Text 'customerNameF3reC' is set on object 'Object Repository/Page_Prieds Technology/input_Salesman ID_createcustomer-customerre_2602e6'

2023-09-29 07:29:25 - [TEST_STEP][PASSED] - setText(findTestObject("Object Repository/Page_Prieds Technology/input_Customer Name_createcustomer-customer_9f598b"), "PIC" + randomText): Text 'PICF3reC' is set on object 'Object Repository/Page_Prieds Technology/input_Customer Name_createcustomer-customer_9f598b'

2023-09-29 07:29:26 - [MESSAGE][PASSED] - Text 'PICF3reC' is set on object 'Object Repository/Page_Prieds Technology/input_Customer Name_createcustomer-customer_9f598b'

2023-09-29 07:29:26 - [TEST_STEP][PASSED] - setText(findTestObject("Object Repository/Page_Prieds Technology/input_PIC_createcustomer-customerregister-c_7d29d8"), "email" + randomText + "@mailinator.com"): Text 'emailF3reC@mailinator.com' is set on object 'Object Repository/Page_Prieds Technology/input_PIC_createcustomer-customerregister-c_7d29d8'

2023-09-29 07:29:27 - [MESSAGE][PASSED] - Text 'emailF3reC@mailinator.com' is set on object 'Object Repository/Page_Prieds Technology/input_PIC_createcustomer-customerregister-c_7d29d8'

2023-09-29 07:29:27 - [TEST_STEP][PASSED] - setText(findTestObject("Object Repository/Page_Prieds Technology/input_Email_createcustomer-customerregister_6409b8"), "city" + randomText): Text 'cityF3reC' is set on object 'Object Repository/Page_Prieds Technology/input_Email_createcustomer-customerregister_6409b8'

2023-09-29 07:29:27 - [MESSAGE][PASSED] - Text 'cityF3reC' is set on object 'Object Repository/Page_Prieds Technology/input_Email_createcustomer-customerregister_6409b8'

2023-09-29 07:29:27 - [TEST_STEP][PASSED] - setText(findTestObject("Object Repository/Page_Prieds Technology/input_City_createcustomer-customerregister-_1096a9"), "reMark" + randomText): Text 'reMarkF3reC' is set on object 'Object Repository/Page_Prieds Technology/input_City_createcustomer-customerregister-_1096a9'

2023-09-29 07:29:28 - [MESSAGE][PASSED] - Text 'reMarkF3reC' is set on object 'Object Repository/Page_Prieds Technology/input_City_createcustomer-customerregister-_1096a9'

2023-09-29 07:29:28 - [TEST_STEP][PASSED] - setText(findTestObject("Object Repository/Page_Prieds Technology/input_Remark_createcustomer-customerregiste_e3ba5d"), "08.178.554.2-123.321" + randomNum): Text '08.178.554.2-123.32173175' is set on object 'Object Repository/Page_Prieds Technology/input_Remark_createcustomer-customerregiste_e3ba5d'

2023-09-29 07:29:29 - [MESSAGE][PASSED] - Text '08.178.554.2-123.32173175' is set on object 'Object Repository/Page_Prieds Technology/input_Remark_createcustomer-customerregiste_e3ba5d'

2023-09-29 07:29:29 - [TEST_STEP][PASSED] - setText(findTestObject("Object Repository/Page_Prieds Technology/input_NPWP_createcustomer-customerregister-_b2e4d8"), "tier" + randomText): Text 'tierF3reC' is set on object 'Object Repository/Page_Prieds Technology/input_NPWP_createcustomer-customerregister-_b2e4d8'

2023-09-29 07:29:30 - [MESSAGE][PASSED] - Text 'tierF3reC' is set on object 'Object Repository/Page_Prieds Technology/input_NPWP_createcustomer-customerregister-_b2e4d8'

2023-09-29 07:29:30 - [TEST_STEP][PASSED] - setText(findTestObject("Object Repository/Page_Prieds Technology/textarea_Tier_createcustomer-customerregist_831bae"), "address1" + randomText): Text 'address1F3reC' is set on object 'Object Repository/Page_Prieds Technology/textarea_Tier_createcustomer-customerregist_831bae'

2023-09-29 07:29:30 - [MESSAGE][PASSED] - Text 'address1F3reC' is set on object 'Object Repository/Page_Prieds Technology/textarea_Tier_createcustomer-customerregist_831bae'

2023-09-29 07:29:30 - [TEST_STEP][PASSED] - setText(findTestObject("Object Repository/Page_Prieds Technology/textarea_Address_createcustomer-customerreg_2c8b43"), "address2" + randomText): Text 'address2F3reC' is set on object 'Object Repository/Page_Prieds Technology/textarea_Address_createcustomer-customerreg_2c8b43'

2023-09-29 07:29:32 - [MESSAGE][PASSED] - Text 'address2F3reC' is set on object 'Object Repository/Page_Prieds Technology/textarea_Address_createcustomer-customerreg_2c8b43'

2023-09-29 07:29:32 - [TEST_STEP][PASSED] - setText(findTestObject("Object Repository/Page_Prieds Technology/input_Address 2_createcustomer-customerregi_b33ca3"), "0801" + randomNum): Text '080173175' is set on object 'Object Repository/Page_Prieds Technology/input_Address 2_createcustomer-customerregi_b33ca3'

2023-09-29 07:29:33 - [MESSAGE][PASSED] - Text '080173175' is set on object 'Object Repository/Page_Prieds Technology/input_Address 2_createcustomer-customerregi_b33ca3'

2023-09-29 07:29:33 - [TEST_STEP][PASSED] - setText(findTestObject("Object Repository/Page_Prieds Technology/input_Contact No_createcustomer-customerreg_0f8d35"), "region" + randomText): Text 'regionF3reC' is set on object 'Object Repository/Page_Prieds Technology/input_Contact No_createcustomer-customerreg_0f8d35'

2023-09-29 07:29:34 - [MESSAGE][PASSED] - Text 'regionF3reC' is set on object 'Object Repository/Page_Prieds Technology/input_Contact No_createcustomer-customerreg_0f8d35'

2023-09-29 07:29:34 - [TEST_STEP][PASSED] - setText(findTestObject("Object Repository/Page_Prieds Technology/input_Region_createcustomer-customerregiste_b1824f"), "province" + randomText): Text 'provinceF3reC' is set on object 'Object Repository/Page_Prieds Technology/input_Region_createcustomer-customerregiste_b1824f'

2023-09-29 07:29:34 - [MESSAGE][PASSED] - Text 'provinceF3reC' is set on object 'Object Repository/Page_Prieds Technology/input_Region_createcustomer-customerregiste_b1824f'

2023-09-29 07:29:34 - [TEST_STEP][PASSED] - setText(findTestObject("Object Repository/Page_Prieds Technology/input_Province_createcustomer-customerregis_1acb6e"), ""): Text '' is set on object 'Object Repository/Page_Prieds Technology/input_Province_createcustomer-customerregis_1acb6e'

2023-09-29 07:29:35 - [MESSAGE][PASSED] - Text '' is set on object 'Object Repository/Page_Prieds Technology/input_Province_createcustomer-customerregis_1acb6e'

2023-09-29 07:29:35 - [TEST_STEP][PASSED] - click(findTestObject("Object Repository/Page_Prieds Technology/input_Province_createcustomer-customerregis_1acb6e")): Object: 'Object Repository/Page_Prieds Technology/input_Province_createcustomer-customerregis_1acb6e' is clicked on

2023-09-29 07:29:36 - [MESSAGE][PASSED] - Object: 'Object Repository/Page_Prieds Technology/input_Province_createcustomer-customerregis_1acb6e' is clicked on

2023-09-29 07:29:36 - [TEST_STEP][PASSED] - click(findTestObject("Object Repository/Page_Prieds Technology/span_JNE Express")): Object: 'Object Repository/Page_Prieds Technology/span_JNE Express' is clicked on

2023-09-29 07:29:36 - [MESSAGE][PASSED] - Object: 'Object Repository/Page_Prieds Technology/span_JNE Express' is clicked on

2023-09-29 07:29:36 - [TEST_STEP][PASSED] - click(findTestObject("Object Repository/Page_Prieds Technology/div_Term Of Payment")): Object: 'Object Repository/Page_Prieds Technology/div_Term Of Payment' is clicked on

2023-09-29 07:29:37 - [MESSAGE][PASSED] - Object: 'Object Repository/Page_Prieds Technology/div_Term Of Payment' is clicked on

2023-09-29 07:29:37 - [TEST_STEP][PASSED] - click(findTestObject("Object Repository/Page_Prieds Technology/span_NET0")): Object: 'Object Repository/Page_Prieds Technology/span_NET0' is clicked on

2023-09-29 07:29:37 - [MESSAGE][PASSED] - Object: 'Object Repository/Page_Prieds Technology/span_NET0' is clicked on

2023-09-29 07:29:37 - [TEST_STEP][PASSED] - click(findTestObject("Object Repository/Page_Prieds Technology/span_Submit")): Object: 'Object Repository/Page_Prieds Technology/span_Submit' is clicked on

2023-09-29 07:29:38 - [MESSAGE][PASSED] - Object: 'Object Repository/Page_Prieds Technology/span_Submit' is clicked on

2023-09-29 07:29:38 - [TEST_STEP][PASSED] - verifyElementVisible(findTestObject("Object Repository/Page_Prieds Technology/div_Mohon Isi Customer ID Terlebih Dahulu")): Object 'Object Repository/Page_Prieds Technology/div_Mohon Isi Customer ID Terlebih Dahulu' is visible

2023-09-29 07:29:39 - [MESSAGE][PASSED] - Object 'Object Repository/Page_Prieds Technology/div_Mohon Isi Customer ID Terlebih Dahulu' is visible

2023-09-29 07:29:39 - [TEST_STEP][FAILED] - verifyElementVisible(findTestObject("Object Repository/Page_Prieds Technology/img_concat(id(, , -img-snackbar, , ))_-img-_6a7c1a")): Unable to verify object 'Object Repository/Page_Prieds Technology/img_concat(id(, , -img-snackbar, , ))_-img-_6a7c1a' is visible (Root cause: com.kms.katalon.core.exception.StepFailedException: Unable to verify object 'Object Repository/Page_Prieds Technology/img_concat(id(, , -img-snackbar, , ))_-img-_6a7c1a' is visible
	at com.kms.katalon.core.webui.keyword.internal.WebUIKeywordMain.stepFailed(WebUIKeywordMain.groovy:64)
	at com.kms.katalon.core.webui.keyword.internal.WebUIKeywordMain.runKeyword(WebUIKeywordMain.groovy:26)
	at com.kms.katalon.core.webui.keyword.builtin.VerifyElementVisibleKeyword.verifyElementVisible(VerifyElementVisibleKeyword.groovy:97)
	at com.kms.katalon.core.webui.keyword.builtin.VerifyElementVisibleKeyword.execute(VerifyElementVisibleKeyword.groovy:67)
	at com.kms.katalon.core.keyword.internal.KeywordExecutor.executeKeywordForPlatform(KeywordExecutor.groovy:74)
	at com.kms.katalon.core.webui.keyword.WebUiBuiltInKeywords.verifyElementVisible(WebUiBuiltInKeywords.groovy:376)
	at com.kms.katalon.core.webui.keyword.WebUiBuiltInKeywords$verifyElementVisible$4.call(Unknown Source)
	at regist new cust but empty salesmanID.run(regist new cust but empty salesmanID:96)
	at com.kms.katalon.core.main.ScriptEngine.run(ScriptEngine.java:194)
	at com.kms.katalon.core.main.ScriptEngine.runScriptAsRawText(ScriptEngine.java:119)
	at com.kms.katalon.core.main.TestCaseExecutor.runScript(TestCaseExecutor.java:448)
	at com.kms.katalon.core.main.TestCaseExecutor.doExecute(TestCaseExecutor.java:439)
	at com.kms.katalon.core.main.TestCaseExecutor.processExecutionPhase(TestCaseExecutor.java:418)
	at com.kms.katalon.core.main.TestCaseExecutor.accessMainPhase(TestCaseExecutor.java:410)
	at com.kms.katalon.core.main.TestCaseExecutor.execute(TestCaseExecutor.java:285)
	at com.kms.katalon.core.main.TestCaseExecutor.execute(TestCaseExecutor.java:369)
	at com.kms.katalon.core.main.TestCaseExecutor.execute(TestCaseExecutor.java:369)
	at com.kms.katalon.core.main.TestCaseExecutor.execute(TestCaseExecutor.java:369)
	at com.kms.katalon.core.common.CommonExecutor.accessTestCaseMainPhase(CommonExecutor.java:65)
	at com.kms.katalon.core.main.TestSuiteExecutor.accessTestSuiteMainPhase(TestSuiteExecutor.java:148)
	at com.kms.katalon.core.main.TestSuiteExecutor.execute(TestSuiteExecutor.java:106)
	at com.kms.katalon.core.main.TestCaseMain.startTestSuite(TestCaseMain.java:187)
	at com.kms.katalon.core.main.TestCaseMain$startTestSuite$0.call(Unknown Source)
	at TempTestSuite1695946981728.run(TempTestSuite1695946981728.groovy:36)
Caused by: com.kms.katalon.core.exception.StepFailedException: Object 'Object Repository/Page_Prieds Technology/img_concat(id(, , -img-snackbar, , ))_-img-_6a7c1a' is NOT visible
	at com.kms.katalon.core.webui.keyword.internal.WebUIKeywordMain.stepFailed(WebUIKeywordMain.groovy:64)
	at com.kms.katalon.core.webui.keyword.builtin.VerifyElementVisibleKeyword$_verifyElementVisible_closure1.doCall(VerifyElementVisibleKeyword.groovy:83)
	at com.kms.katalon.core.webui.keyword.builtin.VerifyElementVisibleKeyword$_verifyElementVisible_closure1.call(VerifyElementVisibleKeyword.groovy)
	at com.kms.katalon.core.webui.keyword.internal.WebUIKeywordMain.runKeyword(WebUIKeywordMain.groovy:20)
	... 22 more
)

2023-09-29 07:29:40 - [MESSAGE][FAILED] - Object 'Object Repository/Page_Prieds Technology/img_concat(id(, , -img-snackbar, , ))_-img-_6a7c1a' is NOT visible (Root cause: com.kms.katalon.core.exception.StepFailedException: Object 'Object Repository/Page_Prieds Technology/img_concat(id(, , -img-snackbar, , ))_-img-_6a7c1a' is NOT visible
	at com.kms.katalon.core.webui.keyword.internal.WebUIKeywordMain.stepFailed(WebUIKeywordMain.groovy:64)
	at com.kms.katalon.core.webui.keyword.builtin.VerifyElementVisibleKeyword$_verifyElementVisible_closure1.doCall(VerifyElementVisibleKeyword.groovy:83)
	at com.kms.katalon.core.webui.keyword.builtin.VerifyElementVisibleKeyword$_verifyElementVisible_closure1.call(VerifyElementVisibleKeyword.groovy)
	at com.kms.katalon.core.webui.keyword.internal.WebUIKeywordMain.runKeyword(WebUIKeywordMain.groovy:20)
	at com.kms.katalon.core.webui.keyword.builtin.VerifyElementVisibleKeyword.verifyElementVisible(VerifyElementVisibleKeyword.groovy:97)
	at com.kms.katalon.core.webui.keyword.builtin.VerifyElementVisibleKeyword.execute(VerifyElementVisibleKeyword.groovy:67)
	at com.kms.katalon.core.keyword.internal.KeywordExecutor.executeKeywordForPlatform(KeywordExecutor.groovy:74)
	at com.kms.katalon.core.webui.keyword.WebUiBuiltInKeywords.verifyElementVisible(WebUiBuiltInKeywords.groovy:376)
	at com.kms.katalon.core.webui.keyword.WebUiBuiltInKeywords$verifyElementVisible$4.call(Unknown Source)
	at regist new cust but empty salesmanID.run(regist new cust but empty salesmanID:96)
	at com.kms.katalon.core.main.ScriptEngine.run(ScriptEngine.java:194)
	at com.kms.katalon.core.main.ScriptEngine.runScriptAsRawText(ScriptEngine.java:119)
	at com.kms.katalon.core.main.TestCaseExecutor.runScript(TestCaseExecutor.java:448)
	at com.kms.katalon.core.main.TestCaseExecutor.doExecute(TestCaseExecutor.java:439)
	at com.kms.katalon.core.main.TestCaseExecutor.processExecutionPhase(TestCaseExecutor.java:418)
	at com.kms.katalon.core.main.TestCaseExecutor.accessMainPhase(TestCaseExecutor.java:410)
	at com.kms.katalon.core.main.TestCaseExecutor.execute(TestCaseExecutor.java:285)
	at com.kms.katalon.core.main.TestCaseExecutor.execute(TestCaseExecutor.java:369)
	at com.kms.katalon.core.main.TestCaseExecutor.execute(TestCaseExecutor.java:369)
	at com.kms.katalon.core.main.TestCaseExecutor.execute(TestCaseExecutor.java:369)
	at com.kms.katalon.core.common.CommonExecutor.accessTestCaseMainPhase(CommonExecutor.java:65)
	at com.kms.katalon.core.main.TestSuiteExecutor.accessTestSuiteMainPhase(TestSuiteExecutor.java:148)
	at com.kms.katalon.core.main.TestSuiteExecutor.execute(TestSuiteExecutor.java:106)
	at com.kms.katalon.core.main.TestCaseMain.startTestSuite(TestCaseMain.java:187)
	at com.kms.katalon.core.main.TestCaseMain$startTestSuite$0.call(Unknown Source)
	at TempTestSuite1695946981728.run(TempTestSuite1695946981728.groovy:36)
)
[[ATTACHMENT|C:\\Users\\LENOVO\\git\\effective-robot\\Reports\\20230929_072300\\functional-negativecase2\\20230929_072301\\1695947380107.png]]

2023-09-29 07:29:40 - [MESSAGE][FAILED] - Unable to verify object 'Object Repository/Page_Prieds Technology/img_concat(id(, , -img-snackbar, , ))_-img-_6a7c1a' is visible (Root cause: com.kms.katalon.core.exception.StepFailedException: Unable to verify object 'Object Repository/Page_Prieds Technology/img_concat(id(, , -img-snackbar, , ))_-img-_6a7c1a' is visible
	at com.kms.katalon.core.webui.keyword.internal.WebUIKeywordMain.stepFailed(WebUIKeywordMain.groovy:64)
	at com.kms.katalon.core.webui.keyword.internal.WebUIKeywordMain.runKeyword(WebUIKeywordMain.groovy:26)
	at com.kms.katalon.core.webui.keyword.builtin.VerifyElementVisibleKeyword.verifyElementVisible(VerifyElementVisibleKeyword.groovy:97)
	at com.kms.katalon.core.webui.keyword.builtin.VerifyElementVisibleKeyword.execute(VerifyElementVisibleKeyword.groovy:67)
	at com.kms.katalon.core.keyword.internal.KeywordExecutor.executeKeywordForPlatform(KeywordExecutor.groovy:74)
	at com.kms.katalon.core.webui.keyword.WebUiBuiltInKeywords.verifyElementVisible(WebUiBuiltInKeywords.groovy:376)
	at com.kms.katalon.core.webui.keyword.WebUiBuiltInKeywords$verifyElementVisible$4.call(Unknown Source)
	at regist new cust but empty salesmanID.run(regist new cust but empty salesmanID:96)
	at com.kms.katalon.core.main.ScriptEngine.run(ScriptEngine.java:194)
	at com.kms.katalon.core.main.ScriptEngine.runScriptAsRawText(ScriptEngine.java:119)
	at com.kms.katalon.core.main.TestCaseExecutor.runScript(TestCaseExecutor.java:448)
	at com.kms.katalon.core.main.TestCaseExecutor.doExecute(TestCaseExecutor.java:439)
	at com.kms.katalon.core.main.TestCaseExecutor.processExecutionPhase(TestCaseExecutor.java:418)
	at com.kms.katalon.core.main.TestCaseExecutor.accessMainPhase(TestCaseExecutor.java:410)
	at com.kms.katalon.core.main.TestCaseExecutor.execute(TestCaseExecutor.java:285)
	at com.kms.katalon.core.main.TestCaseExecutor.execute(TestCaseExecutor.java:369)
	at com.kms.katalon.core.main.TestCaseExecutor.execute(TestCaseExecutor.java:369)
	at com.kms.katalon.core.main.TestCaseExecutor.execute(TestCaseExecutor.java:369)
	at com.kms.katalon.core.common.CommonExecutor.accessTestCaseMainPhase(CommonExecutor.java:65)
	at com.kms.katalon.core.main.TestSuiteExecutor.accessTestSuiteMainPhase(TestSuiteExecutor.java:148)
	at com.kms.katalon.core.main.TestSuiteExecutor.execute(TestSuiteExecutor.java:106)
	at com.kms.katalon.core.main.TestCaseMain.startTestSuite(TestCaseMain.java:187)
	at com.kms.katalon.core.main.TestCaseMain$startTestSuite$0.call(Unknown Source)
	at TempTestSuite1695946981728.run(TempTestSuite1695946981728.groovy:36)
Caused by: com.kms.katalon.core.exception.StepFailedException: Object 'Object Repository/Page_Prieds Technology/img_concat(id(, , -img-snackbar, , ))_-img-_6a7c1a' is NOT visible
	at com.kms.katalon.core.webui.keyword.internal.WebUIKeywordMain.stepFailed(WebUIKeywordMain.groovy:64)
	at com.kms.katalon.core.webui.keyword.builtin.VerifyElementVisibleKeyword$_verifyElementVisible_closure1.doCall(VerifyElementVisibleKeyword.groovy:83)
	at com.kms.katalon.core.webui.keyword.builtin.VerifyElementVisibleKeyword$_verifyElementVisible_closure1.call(VerifyElementVisibleKeyword.groovy)
	at com.kms.katalon.core.webui.keyword.internal.WebUIKeywordMain.runKeyword(WebUIKeywordMain.groovy:20)
	... 22 more
)
[[ATTACHMENT|C:\\Users\\LENOVO\\git\\effective-robot\\Reports\\20230929_072300\\functional-negativecase2\\20230929_072301\\1695947380297.png]]

2023-09-29 07:29:42 - [TEST_STEP][PASSED] - Video: Video recording for test case 'Test Cases/Functionality/negative-testcase2/regist new cust but empty salesmanID' .

2023-09-29 07:29:42 - [MESSAGE][INFO] - Video recording for test case 'Test Cases/Functionality/negative-testcase2/regist new cust but empty salesmanID' .]]></system-out>
         <system-err><![CDATA[2023-09-29 07:28:42 - [TEST_CASE][FAILED] - Test Cases/Functionality/negative-testcase2/regist new cust but empty salesmanID: Test Cases/Functionality/negative-testcase2/regist new cust but empty salesmanID FAILED.
Reason:
com.kms.katalon.core.exception.StepFailedException: Unable to verify object 'Object Repository/Page_Prieds Technology/img_concat(id(, , -img-snackbar, , ))_-img-_6a7c1a' is visible
	at com.kms.katalon.core.webui.keyword.internal.WebUIKeywordMain.stepFailed(WebUIKeywordMain.groovy:64)
	at com.kms.katalon.core.webui.keyword.internal.WebUIKeywordMain.runKeyword(WebUIKeywordMain.groovy:26)
	at com.kms.katalon.core.webui.keyword.builtin.VerifyElementVisibleKeyword.verifyElementVisible(VerifyElementVisibleKeyword.groovy:97)
	at com.kms.katalon.core.webui.keyword.builtin.VerifyElementVisibleKeyword.execute(VerifyElementVisibleKeyword.groovy:67)
	at com.kms.katalon.core.keyword.internal.KeywordExecutor.executeKeywordForPlatform(KeywordExecutor.groovy:74)
	at com.kms.katalon.core.webui.keyword.WebUiBuiltInKeywords.verifyElementVisible(WebUiBuiltInKeywords.groovy:376)
	at com.kms.katalon.core.webui.keyword.WebUiBuiltInKeywords$verifyElementVisible$4.call(Unknown Source)
	at regist new cust but empty salesmanID.run(regist new cust but empty salesmanID:96)
	at com.kms.katalon.core.main.ScriptEngine.run(ScriptEngine.java:194)
	at com.kms.katalon.core.main.ScriptEngine.runScriptAsRawText(ScriptEngine.java:119)
	at com.kms.katalon.core.main.TestCaseExecutor.runScript(TestCaseExecutor.java:448)
	at com.kms.katalon.core.main.TestCaseExecutor.doExecute(TestCaseExecutor.java:439)
	at com.kms.katalon.core.main.TestCaseExecutor.processExecutionPhase(TestCaseExecutor.java:418)
	at com.kms.katalon.core.main.TestCaseExecutor.accessMainPhase(TestCaseExecutor.java:410)
	at com.kms.katalon.core.main.TestCaseExecutor.execute(TestCaseExecutor.java:285)
	at com.kms.katalon.core.main.TestCaseExecutor.execute(TestCaseExecutor.java:369)
	at com.kms.katalon.core.main.TestCaseExecutor.execute(TestCaseExecutor.java:369)
	at com.kms.katalon.core.main.TestCaseExecutor.execute(TestCaseExecutor.java:369)
	at com.kms.katalon.core.common.CommonExecutor.accessTestCaseMainPhase(CommonExecutor.java:65)
	at com.kms.katalon.core.main.TestSuiteExecutor.accessTestSuiteMainPhase(TestSuiteExecutor.java:148)
	at com.kms.katalon.core.main.TestSuiteExecutor.execute(TestSuiteExecutor.java:106)
	at com.kms.katalon.core.main.TestCaseMain.startTestSuite(TestCaseMain.java:187)
	at com.kms.katalon.core.main.TestCaseMain$startTestSuite$0.call(Unknown Source)
	at TempTestSuite1695946981728.run(TempTestSuite1695946981728.groovy:36)
Caused by: com.kms.katalon.core.exception.StepFailedException: Object 'Object Repository/Page_Prieds Technology/img_concat(id(, , -img-snackbar, , ))_-img-_6a7c1a' is NOT visible
	at com.kms.katalon.core.webui.keyword.internal.WebUIKeywordMain.stepFailed(WebUIKeywordMain.groovy:64)
	at com.kms.katalon.core.webui.keyword.builtin.VerifyElementVisibleKeyword$_verifyElementVisible_closure1.doCall(VerifyElementVisibleKeyword.groovy:83)
	at com.kms.katalon.core.webui.keyword.builtin.VerifyElementVisibleKeyword$_verifyElementVisible_closure1.call(VerifyElementVisibleKeyword.groovy)
	at com.kms.katalon.core.webui.keyword.internal.WebUIKeywordMain.runKeyword(WebUIKeywordMain.groovy:20)
	... 22 more]]></system-err>
      </testcase>
      <testcase name="Test Cases/Functionality/negative-testcase2/regist new cust but empty cust name" time="101.979" classname="Test Cases/Functionality/negative-testcase2/regist new cust but empty cust name" status="PASSED">
         <system-out><![CDATA[2023-09-29 07:29:42 - [TEST_CASE][PASSED] - Test Cases/Functionality/negative-testcase2/regist new cust but empty cust name: Test Cases/Functionality/negative-testcase2/regist new cust but empty cust name

2023-09-29 07:29:42 - [TEST_STEP][PASSED] - randomText = RandomStringUtils.randomAlphanumeric(5): null

2023-09-29 07:29:42 - [TEST_STEP][PASSED] - randomNum = RandomStringUtils.randomNumeric(5): null

2023-09-29 07:29:42 - [TEST_STEP][PASSED] - openBrowser(""): Browser is opened with url: ''

2023-09-29 07:29:42 - [MESSAGE][WARNING] - A browser is already opened. Closing browser and opening a new one

2023-09-29 07:29:43 - [MESSAGE][INFO] - Starting 'Chrome' driver

2023-09-29 07:29:43 - [MESSAGE][INFO] - Action delay is set to 0 milliseconds

2023-09-29 07:29:44 - [MESSAGE][PASSED] - Browser is opened with url: ''

2023-09-29 07:29:44 - [TEST_STEP][PASSED] - navigateToUrl("https://sandbox.product.prieds.com/"): Navigate to 'https://sandbox.product.prieds.com/' successfully

2023-09-29 07:30:13 - [MESSAGE][PASSED] - Navigate to 'https://sandbox.product.prieds.com/' successfully

2023-09-29 07:30:13 - [TEST_STEP][PASSED] - setText(findTestObject("Object Repository/Page_Prieds Technology/input_Sign In_username"), "testingwmslite2"): Text 'testingwmslite2' is set on object 'Object Repository/Page_Prieds Technology/input_Sign In_username'

2023-09-29 07:30:14 - [MESSAGE][PASSED] - Text 'testingwmslite2' is set on object 'Object Repository/Page_Prieds Technology/input_Sign In_username'

2023-09-29 07:30:14 - [TEST_STEP][PASSED] - setEncryptedText(findTestObject("Object Repository/Page_Prieds Technology/input_IDUsername_password"), "U8NeUUalMC6sqe9eTsnb2g=="): Text ****** has been set on object 'Object Repository/Page_Prieds Technology/input_IDUsername_password'

2023-09-29 07:30:14 - [MESSAGE][PASSED] - Text ****** has been set on object 'Object Repository/Page_Prieds Technology/input_IDUsername_password'

2023-09-29 07:30:14 - [TEST_STEP][PASSED] - click(findTestObject("Object Repository/Page_Prieds Technology/span_Login")): Object: 'Object Repository/Page_Prieds Technology/span_Login' is clicked on

2023-09-29 07:30:15 - [MESSAGE][PASSED] - Object: 'Object Repository/Page_Prieds Technology/span_Login' is clicked on

2023-09-29 07:30:15 - [TEST_STEP][PASSED] - click(findTestObject("Object Repository/Page_Prieds Technology/div_Master")): Object: 'Object Repository/Page_Prieds Technology/div_Master' is clicked on

2023-09-29 07:30:29 - [MESSAGE][PASSED] - Object: 'Object Repository/Page_Prieds Technology/div_Master' is clicked on

2023-09-29 07:30:29 - [TEST_STEP][PASSED] - click(findTestObject("Object Repository/Page_Prieds Technology/div_Customer Management")): Object: 'Object Repository/Page_Prieds Technology/div_Customer Management' is clicked on

2023-09-29 07:30:30 - [MESSAGE][PASSED] - Object: 'Object Repository/Page_Prieds Technology/div_Customer Management' is clicked on

2023-09-29 07:30:30 - [TEST_STEP][PASSED] - click(findTestObject("Object Repository/Page_Prieds Technology/div_Customer Register")): Object: 'Object Repository/Page_Prieds Technology/div_Customer Register' is clicked on

2023-09-29 07:30:33 - [MESSAGE][PASSED] - Object: 'Object Repository/Page_Prieds Technology/div_Customer Register' is clicked on

2023-09-29 07:30:33 - [TEST_STEP][PASSED] - setText(findTestObject("Object Repository/Page_Prieds Technology/input_Customer Biodata_createcustomer-custo_d931ad"), "customerid" + randomText): Text 'customeridG7LsI' is set on object 'Object Repository/Page_Prieds Technology/input_Customer Biodata_createcustomer-custo_d931ad'

2023-09-29 07:30:34 - [MESSAGE][PASSED] - Text 'customeridG7LsI' is set on object 'Object Repository/Page_Prieds Technology/input_Customer Biodata_createcustomer-custo_d931ad'

2023-09-29 07:30:34 - [TEST_STEP][PASSED] - click(findTestObject("Object Repository/Page_Prieds Technology/div_Salesman ID Salesman ID")): Object: 'Object Repository/Page_Prieds Technology/div_Salesman ID Salesman ID' is clicked on

2023-09-29 07:30:35 - [MESSAGE][PASSED] - Object: 'Object Repository/Page_Prieds Technology/div_Salesman ID Salesman ID' is clicked on

2023-09-29 07:30:35 - [TEST_STEP][PASSED] - click(findTestObject("Object Repository/Page_Prieds Technology/span_REYNER")): Object: 'Object Repository/Page_Prieds Technology/span_REYNER' is clicked on

2023-09-29 07:30:35 - [MESSAGE][PASSED] - Object: 'Object Repository/Page_Prieds Technology/span_REYNER' is clicked on

2023-09-29 07:30:35 - [TEST_STEP][PASSED] - setText(findTestObject("Object Repository/Page_Prieds Technology/input_Customer Name_createcustomer-customer_9f598b"), "PIC" + randomText): Text 'PICG7LsI' is set on object 'Object Repository/Page_Prieds Technology/input_Customer Name_createcustomer-customer_9f598b'

2023-09-29 07:30:37 - [MESSAGE][PASSED] - Text 'PICG7LsI' is set on object 'Object Repository/Page_Prieds Technology/input_Customer Name_createcustomer-customer_9f598b'

2023-09-29 07:30:37 - [TEST_STEP][PASSED] - setText(findTestObject("Object Repository/Page_Prieds Technology/input_PIC_createcustomer-customerregister-c_7d29d8"), "email" + randomText + "@mailinator.com"): Text 'emailG7LsI@mailinator.com' is set on object 'Object Repository/Page_Prieds Technology/input_PIC_createcustomer-customerregister-c_7d29d8'

2023-09-29 07:30:37 - [MESSAGE][PASSED] - Text 'emailG7LsI@mailinator.com' is set on object 'Object Repository/Page_Prieds Technology/input_PIC_createcustomer-customerregister-c_7d29d8'

2023-09-29 07:30:37 - [TEST_STEP][PASSED] - setText(findTestObject("Object Repository/Page_Prieds Technology/input_Email_createcustomer-customerregister_6409b8"), "city" + randomText): Text 'cityG7LsI' is set on object 'Object Repository/Page_Prieds Technology/input_Email_createcustomer-customerregister_6409b8'

2023-09-29 07:30:38 - [MESSAGE][PASSED] - Text 'cityG7LsI' is set on object 'Object Repository/Page_Prieds Technology/input_Email_createcustomer-customerregister_6409b8'

2023-09-29 07:30:38 - [TEST_STEP][PASSED] - setText(findTestObject("Object Repository/Page_Prieds Technology/input_City_createcustomer-customerregister-_1096a9"), "reMark" + randomText): Text 'reMarkG7LsI' is set on object 'Object Repository/Page_Prieds Technology/input_City_createcustomer-customerregister-_1096a9'

2023-09-29 07:30:39 - [MESSAGE][PASSED] - Text 'reMarkG7LsI' is set on object 'Object Repository/Page_Prieds Technology/input_City_createcustomer-customerregister-_1096a9'

2023-09-29 07:30:39 - [TEST_STEP][PASSED] - setText(findTestObject("Object Repository/Page_Prieds Technology/input_Remark_createcustomer-customerregiste_e3ba5d"), "08.178.554.2-123.321" + randomNum): Text '08.178.554.2-123.32145084' is set on object 'Object Repository/Page_Prieds Technology/input_Remark_createcustomer-customerregiste_e3ba5d'

2023-09-29 07:30:40 - [MESSAGE][PASSED] - Text '08.178.554.2-123.32145084' is set on object 'Object Repository/Page_Prieds Technology/input_Remark_createcustomer-customerregiste_e3ba5d'

2023-09-29 07:30:40 - [TEST_STEP][PASSED] - setText(findTestObject("Object Repository/Page_Prieds Technology/input_NPWP_createcustomer-customerregister-_b2e4d8"), "tier" + randomText): Text 'tierG7LsI' is set on object 'Object Repository/Page_Prieds Technology/input_NPWP_createcustomer-customerregister-_b2e4d8'

2023-09-29 07:30:40 - [MESSAGE][PASSED] - Text 'tierG7LsI' is set on object 'Object Repository/Page_Prieds Technology/input_NPWP_createcustomer-customerregister-_b2e4d8'

2023-09-29 07:30:40 - [TEST_STEP][PASSED] - setText(findTestObject("Object Repository/Page_Prieds Technology/textarea_Tier_createcustomer-customerregist_831bae"), "address1" + randomText): Text 'address1G7LsI' is set on object 'Object Repository/Page_Prieds Technology/textarea_Tier_createcustomer-customerregist_831bae'

2023-09-29 07:30:41 - [MESSAGE][PASSED] - Text 'address1G7LsI' is set on object 'Object Repository/Page_Prieds Technology/textarea_Tier_createcustomer-customerregist_831bae'

2023-09-29 07:30:41 - [TEST_STEP][PASSED] - setText(findTestObject("Object Repository/Page_Prieds Technology/textarea_Address_createcustomer-customerreg_2c8b43"), "address2" + randomText): Text 'address2G7LsI' is set on object 'Object Repository/Page_Prieds Technology/textarea_Address_createcustomer-customerreg_2c8b43'

2023-09-29 07:30:43 - [MESSAGE][PASSED] - Text 'address2G7LsI' is set on object 'Object Repository/Page_Prieds Technology/textarea_Address_createcustomer-customerreg_2c8b43'

2023-09-29 07:30:43 - [TEST_STEP][PASSED] - setText(findTestObject("Object Repository/Page_Prieds Technology/input_Address 2_createcustomer-customerregi_b33ca3"), "0801" + randomNum): Text '080145084' is set on object 'Object Repository/Page_Prieds Technology/input_Address 2_createcustomer-customerregi_b33ca3'

2023-09-29 07:30:43 - [MESSAGE][PASSED] - Text '080145084' is set on object 'Object Repository/Page_Prieds Technology/input_Address 2_createcustomer-customerregi_b33ca3'

2023-09-29 07:30:43 - [TEST_STEP][PASSED] - setText(findTestObject("Object Repository/Page_Prieds Technology/input_Contact No_createcustomer-customerreg_0f8d35"), "region" + randomText): Text 'regionG7LsI' is set on object 'Object Repository/Page_Prieds Technology/input_Contact No_createcustomer-customerreg_0f8d35'

2023-09-29 07:30:44 - [MESSAGE][PASSED] - Text 'regionG7LsI' is set on object 'Object Repository/Page_Prieds Technology/input_Contact No_createcustomer-customerreg_0f8d35'

2023-09-29 07:30:44 - [TEST_STEP][PASSED] - setText(findTestObject("Object Repository/Page_Prieds Technology/input_Region_createcustomer-customerregiste_b1824f"), "province" + randomText): Text 'provinceG7LsI' is set on object 'Object Repository/Page_Prieds Technology/input_Region_createcustomer-customerregiste_b1824f'

2023-09-29 07:30:45 - [MESSAGE][PASSED] - Text 'provinceG7LsI' is set on object 'Object Repository/Page_Prieds Technology/input_Region_createcustomer-customerregiste_b1824f'

2023-09-29 07:30:45 - [TEST_STEP][PASSED] - setText(findTestObject("Object Repository/Page_Prieds Technology/input_Province_createcustomer-customerregis_1acb6e"), ""): Text '' is set on object 'Object Repository/Page_Prieds Technology/input_Province_createcustomer-customerregis_1acb6e'

2023-09-29 07:30:46 - [MESSAGE][PASSED] - Text '' is set on object 'Object Repository/Page_Prieds Technology/input_Province_createcustomer-customerregis_1acb6e'

2023-09-29 07:30:46 - [TEST_STEP][PASSED] - click(findTestObject("Object Repository/Page_Prieds Technology/input_Province_createcustomer-customerregis_1acb6e")): Object: 'Object Repository/Page_Prieds Technology/input_Province_createcustomer-customerregis_1acb6e' is clicked on

2023-09-29 07:30:46 - [MESSAGE][PASSED] - Object: 'Object Repository/Page_Prieds Technology/input_Province_createcustomer-customerregis_1acb6e' is clicked on

2023-09-29 07:30:46 - [TEST_STEP][PASSED] - click(findTestObject("Object Repository/Page_Prieds Technology/span_JNE Express")): Object: 'Object Repository/Page_Prieds Technology/span_JNE Express' is clicked on

2023-09-29 07:30:47 - [MESSAGE][PASSED] - Object: 'Object Repository/Page_Prieds Technology/span_JNE Express' is clicked on

2023-09-29 07:30:47 - [TEST_STEP][PASSED] - click(findTestObject("Object Repository/Page_Prieds Technology/div_Term Of Payment")): Object: 'Object Repository/Page_Prieds Technology/div_Term Of Payment' is clicked on

2023-09-29 07:30:47 - [MESSAGE][PASSED] - Object: 'Object Repository/Page_Prieds Technology/div_Term Of Payment' is clicked on

2023-09-29 07:30:47 - [TEST_STEP][PASSED] - click(findTestObject("Object Repository/Page_Prieds Technology/span_NET0")): Object: 'Object Repository/Page_Prieds Technology/span_NET0' is clicked on

2023-09-29 07:30:48 - [MESSAGE][PASSED] - Object: 'Object Repository/Page_Prieds Technology/span_NET0' is clicked on

2023-09-29 07:30:48 - [TEST_STEP][PASSED] - click(findTestObject("Object Repository/Page_Prieds Technology/span_Submit")): Object: 'Object Repository/Page_Prieds Technology/span_Submit' is clicked on

2023-09-29 07:30:49 - [MESSAGE][PASSED] - Object: 'Object Repository/Page_Prieds Technology/span_Submit' is clicked on

2023-09-29 07:30:49 - [TEST_STEP][PASSED] - click(findTestObject("Object Repository/Page_Prieds Technology/span_Yes")): Object: 'Object Repository/Page_Prieds Technology/span_Yes' is clicked on

2023-09-29 07:31:20 - [MESSAGE][INFO] - Unable to find the element located by 'By.xpath: //button[@id='button-yes-confirmmodal']/span'. Please recheck the objects properties to make sure the desired element is located. 

2023-09-29 07:31:20 - [MESSAGE][WARNING] - [SELF-HEALING] Failed to find element with id 'Object Repository/Page_Prieds Technology/span_Yes'. Try using Self-healing.

2023-09-29 07:31:20 - [MESSAGE][WARNING] - [SELF-HEALING] The current locator of test object 'Object Repository/Page_Prieds Technology/span_Yes' was broken. Propose an alternative one: '(.//*[normalize-space(text()) and normalize-space(.)='Support/Help'])[1]/preceding::span[1]'.

2023-09-29 07:31:20 - [MESSAGE][PASSED] - Object: 'Object Repository/Page_Prieds Technology/span_Yes' is clicked on

2023-09-29 07:31:20 - [TEST_STEP][PASSED] - verifyElementVisible(findTestObject("Object Repository/Page_Prieds Technology/div_Mohon Isi Customer ID Terlebih Dahulu")): Object 'Object Repository/Page_Prieds Technology/div_Mohon Isi Customer ID Terlebih Dahulu' is visible

2023-09-29 07:31:21 - [MESSAGE][PASSED] - Object 'Object Repository/Page_Prieds Technology/div_Mohon Isi Customer ID Terlebih Dahulu' is visible

2023-09-29 07:31:21 - [TEST_STEP][PASSED] - verifyElementVisible(findTestObject("Object Repository/Page_Prieds Technology/img_concat(id(, , -img-snackbar, , ))_-img-_6a7c1a")): Object 'Object Repository/Page_Prieds Technology/img_concat(id(, , -img-snackbar, , ))_-img-_6a7c1a' is visible

2023-09-29 07:31:21 - [MESSAGE][PASSED] - Object 'Object Repository/Page_Prieds Technology/img_concat(id(, , -img-snackbar, , ))_-img-_6a7c1a' is visible

2023-09-29 07:31:21 - [TEST_STEP][PASSED] - closeBrowser(): Browser is closed

2023-09-29 07:31:22 - [MESSAGE][PASSED] - Browser is closed

2023-09-29 07:31:24 - [TEST_STEP][PASSED] - Video: Video recording for test case 'Test Cases/Functionality/negative-testcase2/regist new cust but empty cust name' .

2023-09-29 07:31:24 - [MESSAGE][INFO] - Video recording for test case 'Test Cases/Functionality/negative-testcase2/regist new cust but empty cust name' .]]></system-out>
         <system-err><![CDATA[]]></system-err>
      </testcase>
      <testcase name="Test Cases/Functionality/negative-testcase2/regist new cust but empty PIC" time="74.528" classname="Test Cases/Functionality/negative-testcase2/regist new cust but empty PIC" status="PASSED">
         <system-out><![CDATA[2023-09-29 07:32:40 - [TEST_CASE][PASSED] - Test Cases/Functionality/negative-testcase2/regist new cust but empty PIC: Test Cases/Functionality/negative-testcase2/regist new cust but empty PIC

2023-09-29 07:32:40 - [TEST_STEP][PASSED] - randomText = RandomStringUtils.randomAlphanumeric(5): null

2023-09-29 07:32:40 - [TEST_STEP][PASSED] - randomNum = RandomStringUtils.randomNumeric(5): null

2023-09-29 07:32:40 - [TEST_STEP][PASSED] - openBrowser(""): Browser is opened with url: ''

2023-09-29 07:32:40 - [MESSAGE][WARNING] - A browser is already opened. Closing browser and opening a new one

2023-09-29 07:32:41 - [MESSAGE][INFO] - Starting 'Chrome' driver

2023-09-29 07:32:41 - [MESSAGE][INFO] - Action delay is set to 0 milliseconds

2023-09-29 07:32:42 - [MESSAGE][PASSED] - Browser is opened with url: ''

2023-09-29 07:32:42 - [TEST_STEP][PASSED] - navigateToUrl("https://sandbox.product.prieds.com/"): Navigate to 'https://sandbox.product.prieds.com/' successfully

2023-09-29 07:33:09 - [MESSAGE][PASSED] - Navigate to 'https://sandbox.product.prieds.com/' successfully

2023-09-29 07:33:09 - [TEST_STEP][PASSED] - setText(findTestObject("Object Repository/Page_Prieds Technology/input_Sign In_username"), "testingwmslite2"): Text 'testingwmslite2' is set on object 'Object Repository/Page_Prieds Technology/input_Sign In_username'

2023-09-29 07:33:10 - [MESSAGE][PASSED] - Text 'testingwmslite2' is set on object 'Object Repository/Page_Prieds Technology/input_Sign In_username'

2023-09-29 07:33:10 - [TEST_STEP][PASSED] - setEncryptedText(findTestObject("Object Repository/Page_Prieds Technology/input_IDUsername_password"), "U8NeUUalMC6sqe9eTsnb2g=="): Text ****** has been set on object 'Object Repository/Page_Prieds Technology/input_IDUsername_password'

2023-09-29 07:33:11 - [MESSAGE][PASSED] - Text ****** has been set on object 'Object Repository/Page_Prieds Technology/input_IDUsername_password'

2023-09-29 07:33:11 - [TEST_STEP][PASSED] - click(findTestObject("Object Repository/Page_Prieds Technology/span_Login")): Object: 'Object Repository/Page_Prieds Technology/span_Login' is clicked on

2023-09-29 07:33:11 - [MESSAGE][PASSED] - Object: 'Object Repository/Page_Prieds Technology/span_Login' is clicked on

2023-09-29 07:33:11 - [TEST_STEP][PASSED] - click(findTestObject("Object Repository/Page_Prieds Technology/div_Master")): Object: 'Object Repository/Page_Prieds Technology/div_Master' is clicked on

2023-09-29 07:33:25 - [MESSAGE][PASSED] - Object: 'Object Repository/Page_Prieds Technology/div_Master' is clicked on

2023-09-29 07:33:25 - [TEST_STEP][PASSED] - click(findTestObject("Object Repository/Page_Prieds Technology/div_Customer Management")): Object: 'Object Repository/Page_Prieds Technology/div_Customer Management' is clicked on

2023-09-29 07:33:26 - [MESSAGE][PASSED] - Object: 'Object Repository/Page_Prieds Technology/div_Customer Management' is clicked on

2023-09-29 07:33:26 - [TEST_STEP][PASSED] - click(findTestObject("Object Repository/Page_Prieds Technology/div_Customer Register")): Object: 'Object Repository/Page_Prieds Technology/div_Customer Register' is clicked on

2023-09-29 07:33:28 - [MESSAGE][PASSED] - Object: 'Object Repository/Page_Prieds Technology/div_Customer Register' is clicked on

2023-09-29 07:33:28 - [TEST_STEP][PASSED] - setText(findTestObject("Object Repository/Page_Prieds Technology/input_Customer Biodata_createcustomer-custo_d931ad"), "customerid" + randomText): Text 'customeridaKoOh' is set on object 'Object Repository/Page_Prieds Technology/input_Customer Biodata_createcustomer-custo_d931ad'

2023-09-29 07:33:30 - [MESSAGE][PASSED] - Text 'customeridaKoOh' is set on object 'Object Repository/Page_Prieds Technology/input_Customer Biodata_createcustomer-custo_d931ad'

2023-09-29 07:33:30 - [TEST_STEP][PASSED] - click(findTestObject("Object Repository/Page_Prieds Technology/div_Salesman ID Salesman ID")): Object: 'Object Repository/Page_Prieds Technology/div_Salesman ID Salesman ID' is clicked on

2023-09-29 07:33:31 - [MESSAGE][PASSED] - Object: 'Object Repository/Page_Prieds Technology/div_Salesman ID Salesman ID' is clicked on

2023-09-29 07:33:31 - [TEST_STEP][PASSED] - click(findTestObject("Object Repository/Page_Prieds Technology/span_REYNER")): Object: 'Object Repository/Page_Prieds Technology/span_REYNER' is clicked on

2023-09-29 07:33:32 - [MESSAGE][PASSED] - Object: 'Object Repository/Page_Prieds Technology/span_REYNER' is clicked on

2023-09-29 07:33:32 - [TEST_STEP][PASSED] - setText(findTestObject("Object Repository/Page_Prieds Technology/input_Salesman ID_createcustomer-customerre_2602e6"), "customerName" + randomText): Text 'customerNameaKoOh' is set on object 'Object Repository/Page_Prieds Technology/input_Salesman ID_createcustomer-customerre_2602e6'

2023-09-29 07:33:33 - [MESSAGE][PASSED] - Text 'customerNameaKoOh' is set on object 'Object Repository/Page_Prieds Technology/input_Salesman ID_createcustomer-customerre_2602e6'

2023-09-29 07:33:33 - [TEST_STEP][PASSED] - setText(findTestObject("Object Repository/Page_Prieds Technology/input_PIC_createcustomer-customerregister-c_7d29d8"), "email" + randomText + "@mailinator.com"): Text 'emailaKoOh@mailinator.com' is set on object 'Object Repository/Page_Prieds Technology/input_PIC_createcustomer-customerregister-c_7d29d8'

2023-09-29 07:33:34 - [MESSAGE][PASSED] - Text 'emailaKoOh@mailinator.com' is set on object 'Object Repository/Page_Prieds Technology/input_PIC_createcustomer-customerregister-c_7d29d8'

2023-09-29 07:33:34 - [TEST_STEP][PASSED] - setText(findTestObject("Object Repository/Page_Prieds Technology/input_Email_createcustomer-customerregister_6409b8"), "city" + randomText): Text 'cityaKoOh' is set on object 'Object Repository/Page_Prieds Technology/input_Email_createcustomer-customerregister_6409b8'

2023-09-29 07:33:35 - [MESSAGE][PASSED] - Text 'cityaKoOh' is set on object 'Object Repository/Page_Prieds Technology/input_Email_createcustomer-customerregister_6409b8'

2023-09-29 07:33:35 - [TEST_STEP][PASSED] - setText(findTestObject("Object Repository/Page_Prieds Technology/input_City_createcustomer-customerregister-_1096a9"), "reMark" + randomText): Text 'reMarkaKoOh' is set on object 'Object Repository/Page_Prieds Technology/input_City_createcustomer-customerregister-_1096a9'

2023-09-29 07:33:36 - [MESSAGE][PASSED] - Text 'reMarkaKoOh' is set on object 'Object Repository/Page_Prieds Technology/input_City_createcustomer-customerregister-_1096a9'

2023-09-29 07:33:36 - [TEST_STEP][PASSED] - setText(findTestObject("Object Repository/Page_Prieds Technology/input_Remark_createcustomer-customerregiste_e3ba5d"), "08.178.554.2-123.321" + randomNum): Text '08.178.554.2-123.32135708' is set on object 'Object Repository/Page_Prieds Technology/input_Remark_createcustomer-customerregiste_e3ba5d'

2023-09-29 07:33:37 - [MESSAGE][PASSED] - Text '08.178.554.2-123.32135708' is set on object 'Object Repository/Page_Prieds Technology/input_Remark_createcustomer-customerregiste_e3ba5d'

2023-09-29 07:33:37 - [TEST_STEP][PASSED] - setText(findTestObject("Object Repository/Page_Prieds Technology/input_NPWP_createcustomer-customerregister-_b2e4d8"), "tier" + randomText): Text 'tieraKoOh' is set on object 'Object Repository/Page_Prieds Technology/input_NPWP_createcustomer-customerregister-_b2e4d8'

2023-09-29 07:33:38 - [MESSAGE][PASSED] - Text 'tieraKoOh' is set on object 'Object Repository/Page_Prieds Technology/input_NPWP_createcustomer-customerregister-_b2e4d8'

2023-09-29 07:33:38 - [TEST_STEP][PASSED] - setText(findTestObject("Object Repository/Page_Prieds Technology/textarea_Tier_createcustomer-customerregist_831bae"), "address1" + randomText): Text 'address1aKoOh' is set on object 'Object Repository/Page_Prieds Technology/textarea_Tier_createcustomer-customerregist_831bae'

2023-09-29 07:33:39 - [MESSAGE][PASSED] - Text 'address1aKoOh' is set on object 'Object Repository/Page_Prieds Technology/textarea_Tier_createcustomer-customerregist_831bae'

2023-09-29 07:33:40 - [TEST_STEP][PASSED] - setText(findTestObject("Object Repository/Page_Prieds Technology/textarea_Address_createcustomer-customerreg_2c8b43"), "address2" + randomText): Text 'address2aKoOh' is set on object 'Object Repository/Page_Prieds Technology/textarea_Address_createcustomer-customerreg_2c8b43'

2023-09-29 07:33:44 - [MESSAGE][PASSED] - Text 'address2aKoOh' is set on object 'Object Repository/Page_Prieds Technology/textarea_Address_createcustomer-customerreg_2c8b43'

2023-09-29 07:33:44 - [TEST_STEP][PASSED] - setText(findTestObject("Object Repository/Page_Prieds Technology/input_Address 2_createcustomer-customerregi_b33ca3"), "0801" + randomNum): Text '080135708' is set on object 'Object Repository/Page_Prieds Technology/input_Address 2_createcustomer-customerregi_b33ca3'

2023-09-29 07:33:45 - [MESSAGE][PASSED] - Text '080135708' is set on object 'Object Repository/Page_Prieds Technology/input_Address 2_createcustomer-customerregi_b33ca3'

2023-09-29 07:33:45 - [TEST_STEP][PASSED] - setText(findTestObject("Object Repository/Page_Prieds Technology/input_Contact No_createcustomer-customerreg_0f8d35"), "region" + randomText): Text 'regionaKoOh' is set on object 'Object Repository/Page_Prieds Technology/input_Contact No_createcustomer-customerreg_0f8d35'

2023-09-29 07:33:46 - [MESSAGE][PASSED] - Text 'regionaKoOh' is set on object 'Object Repository/Page_Prieds Technology/input_Contact No_createcustomer-customerreg_0f8d35'

2023-09-29 07:33:46 - [TEST_STEP][PASSED] - setText(findTestObject("Object Repository/Page_Prieds Technology/input_Region_createcustomer-customerregiste_b1824f"), "province" + randomText): Text 'provinceaKoOh' is set on object 'Object Repository/Page_Prieds Technology/input_Region_createcustomer-customerregiste_b1824f'

2023-09-29 07:33:47 - [MESSAGE][PASSED] - Text 'provinceaKoOh' is set on object 'Object Repository/Page_Prieds Technology/input_Region_createcustomer-customerregiste_b1824f'

2023-09-29 07:33:47 - [TEST_STEP][PASSED] - setText(findTestObject("Object Repository/Page_Prieds Technology/input_Province_createcustomer-customerregis_1acb6e"), ""): Text '' is set on object 'Object Repository/Page_Prieds Technology/input_Province_createcustomer-customerregis_1acb6e'

2023-09-29 07:33:48 - [MESSAGE][PASSED] - Text '' is set on object 'Object Repository/Page_Prieds Technology/input_Province_createcustomer-customerregis_1acb6e'

2023-09-29 07:33:48 - [TEST_STEP][PASSED] - click(findTestObject("Object Repository/Page_Prieds Technology/input_Province_createcustomer-customerregis_1acb6e")): Object: 'Object Repository/Page_Prieds Technology/input_Province_createcustomer-customerregis_1acb6e' is clicked on

2023-09-29 07:33:49 - [MESSAGE][PASSED] - Object: 'Object Repository/Page_Prieds Technology/input_Province_createcustomer-customerregis_1acb6e' is clicked on

2023-09-29 07:33:49 - [TEST_STEP][PASSED] - click(findTestObject("Object Repository/Page_Prieds Technology/span_JNE Express")): Object: 'Object Repository/Page_Prieds Technology/span_JNE Express' is clicked on

2023-09-29 07:33:49 - [MESSAGE][PASSED] - Object: 'Object Repository/Page_Prieds Technology/span_JNE Express' is clicked on

2023-09-29 07:33:49 - [TEST_STEP][PASSED] - click(findTestObject("Object Repository/Page_Prieds Technology/div_Term Of Payment")): Object: 'Object Repository/Page_Prieds Technology/div_Term Of Payment' is clicked on

2023-09-29 07:33:50 - [MESSAGE][PASSED] - Object: 'Object Repository/Page_Prieds Technology/div_Term Of Payment' is clicked on

2023-09-29 07:33:50 - [TEST_STEP][PASSED] - click(findTestObject("Object Repository/Page_Prieds Technology/span_NET0")): Object: 'Object Repository/Page_Prieds Technology/span_NET0' is clicked on

2023-09-29 07:33:50 - [MESSAGE][PASSED] - Object: 'Object Repository/Page_Prieds Technology/span_NET0' is clicked on

2023-09-29 07:33:50 - [TEST_STEP][PASSED] - click(findTestObject("Object Repository/Page_Prieds Technology/span_Submit")): Object: 'Object Repository/Page_Prieds Technology/span_Submit' is clicked on

2023-09-29 07:33:51 - [MESSAGE][PASSED] - Object: 'Object Repository/Page_Prieds Technology/span_Submit' is clicked on

2023-09-29 07:33:51 - [TEST_STEP][PASSED] - click(findTestObject("Object Repository/Page_Prieds Technology/span_Yes")): Object: 'Object Repository/Page_Prieds Technology/span_Yes' is clicked on

2023-09-29 07:33:52 - [MESSAGE][PASSED] - Object: 'Object Repository/Page_Prieds Technology/span_Yes' is clicked on

2023-09-29 07:33:52 - [TEST_STEP][PASSED] - closeBrowser(): Browser is closed

2023-09-29 07:33:53 - [MESSAGE][PASSED] - Browser is closed

2023-09-29 07:33:55 - [TEST_STEP][PASSED] - Video: Video recording for test case 'Test Cases/Functionality/negative-testcase2/regist new cust but empty PIC' .

2023-09-29 07:33:55 - [MESSAGE][INFO] - Video recording for test case 'Test Cases/Functionality/negative-testcase2/regist new cust but empty PIC' .]]></system-out>
         <system-err><![CDATA[]]></system-err>
      </testcase>
      <testcase name="Test Cases/Functionality/negative-testcase2/regist new cust but empty email" time="54.235" classname="Test Cases/Functionality/negative-testcase2/regist new cust but empty email" status="PASSED">
         <system-out><![CDATA[2023-09-29 07:33:55 - [TEST_CASE][PASSED] - Test Cases/Functionality/negative-testcase2/regist new cust but empty email: Test Cases/Functionality/negative-testcase2/regist new cust but empty email

2023-09-29 07:33:55 - [TEST_STEP][PASSED] - randomText = RandomStringUtils.randomAlphanumeric(5): null

2023-09-29 07:33:55 - [TEST_STEP][PASSED] - randomNum = RandomStringUtils.randomNumeric(5): null

2023-09-29 07:33:55 - [TEST_STEP][PASSED] - openBrowser(""): Browser is opened with url: ''

2023-09-29 07:33:55 - [MESSAGE][INFO] - Starting 'Chrome' driver

2023-09-29 07:33:55 - [MESSAGE][INFO] - Action delay is set to 0 milliseconds

2023-09-29 07:33:56 - [MESSAGE][PASSED] - Browser is opened with url: ''

2023-09-29 07:33:56 - [TEST_STEP][PASSED] - navigateToUrl("https://sandbox.product.prieds.com/"): Navigate to 'https://sandbox.product.prieds.com/' successfully

2023-09-29 07:34:14 - [MESSAGE][PASSED] - Navigate to 'https://sandbox.product.prieds.com/' successfully

2023-09-29 07:34:14 - [TEST_STEP][PASSED] - setText(findTestObject("Object Repository/Page_Prieds Technology/input_Sign In_username"), "testingwmslite2"): Text 'testingwmslite2' is set on object 'Object Repository/Page_Prieds Technology/input_Sign In_username'

2023-09-29 07:34:15 - [MESSAGE][PASSED] - Text 'testingwmslite2' is set on object 'Object Repository/Page_Prieds Technology/input_Sign In_username'

2023-09-29 07:34:15 - [TEST_STEP][PASSED] - setEncryptedText(findTestObject("Object Repository/Page_Prieds Technology/input_IDUsername_password"), "U8NeUUalMC6sqe9eTsnb2g=="): Text ****** has been set on object 'Object Repository/Page_Prieds Technology/input_IDUsername_password'

2023-09-29 07:34:15 - [MESSAGE][PASSED] - Text ****** has been set on object 'Object Repository/Page_Prieds Technology/input_IDUsername_password'

2023-09-29 07:34:15 - [TEST_STEP][PASSED] - click(findTestObject("Object Repository/Page_Prieds Technology/span_Login")): Object: 'Object Repository/Page_Prieds Technology/span_Login' is clicked on

2023-09-29 07:34:16 - [MESSAGE][PASSED] - Object: 'Object Repository/Page_Prieds Technology/span_Login' is clicked on

2023-09-29 07:34:16 - [TEST_STEP][PASSED] - click(findTestObject("Object Repository/Page_Prieds Technology/div_Master")): Object: 'Object Repository/Page_Prieds Technology/div_Master' is clicked on

2023-09-29 07:34:26 - [MESSAGE][PASSED] - Object: 'Object Repository/Page_Prieds Technology/div_Master' is clicked on

2023-09-29 07:34:26 - [TEST_STEP][PASSED] - click(findTestObject("Object Repository/Page_Prieds Technology/div_Customer Management")): Object: 'Object Repository/Page_Prieds Technology/div_Customer Management' is clicked on

2023-09-29 07:34:27 - [MESSAGE][PASSED] - Object: 'Object Repository/Page_Prieds Technology/div_Customer Management' is clicked on

2023-09-29 07:34:27 - [TEST_STEP][PASSED] - click(findTestObject("Object Repository/Page_Prieds Technology/div_Customer Register")): Object: 'Object Repository/Page_Prieds Technology/div_Customer Register' is clicked on

2023-09-29 07:34:29 - [MESSAGE][PASSED] - Object: 'Object Repository/Page_Prieds Technology/div_Customer Register' is clicked on

2023-09-29 07:34:29 - [TEST_STEP][PASSED] - setText(findTestObject("Object Repository/Page_Prieds Technology/input_Customer Biodata_createcustomer-custo_d931ad"), "customerid" + randomText): Text 'customeridJDLkL' is set on object 'Object Repository/Page_Prieds Technology/input_Customer Biodata_createcustomer-custo_d931ad'

2023-09-29 07:34:31 - [MESSAGE][PASSED] - Text 'customeridJDLkL' is set on object 'Object Repository/Page_Prieds Technology/input_Customer Biodata_createcustomer-custo_d931ad'

2023-09-29 07:34:31 - [TEST_STEP][PASSED] - click(findTestObject("Object Repository/Page_Prieds Technology/div_Salesman ID Salesman ID")): Object: 'Object Repository/Page_Prieds Technology/div_Salesman ID Salesman ID' is clicked on

2023-09-29 07:34:32 - [MESSAGE][PASSED] - Object: 'Object Repository/Page_Prieds Technology/div_Salesman ID Salesman ID' is clicked on

[...]

2023-09-29 07:43:15 - [MESSAGE][PASSED] - Object: 'Object Repository/Page_Prieds Technology/span_Submit' is clicked on

2023-09-29 07:43:15 - [TEST_STEP][PASSED] - click(findTestObject("Object Repository/Page_Prieds Technology/span_Yes")): Object: 'Object Repository/Page_Prieds Technology/span_Yes' is clicked on

2023-09-29 07:43:16 - [MESSAGE][PASSED] - Object: 'Object Repository/Page_Prieds Technology/span_Yes' is clicked on

2023-09-29 07:43:16 - [TEST_STEP][PASSED] - closeBrowser(): Browser is closed

2023-09-29 07:43:16 - [MESSAGE][PASSED] - Browser is closed

2023-09-29 07:43:19 - [TEST_STEP][PASSED] - Video: Video recording for test case 'Test Cases/Functionality/negative-testcase2/regist new cust but empty province' .

2023-09-29 07:43:19 - [MESSAGE][INFO] - Video recording for test case 'Test Cases/Functionality/negative-testcase2/regist new cust but empty province' .]]></system-out>
         <system-err><![CDATA[]]></system-err>
      </testcase>
      <testcase name="Test Cases/Functionality/negative-testcase2/regist new cust but empty expedition" time="62.083" classname="Test Cases/Functionality/negative-testcase2/regist new cust but empty expedition" status="PASSED">
         <system-out><![CDATA[2023-09-29 07:43:19 - [TEST_CASE][PASSED] - Test Cases/Functionality/negative-testcase2/regist new cust but empty expedition: Test Cases/Functionality/negative-testcase2/regist new cust but empty expedition

2023-09-29 07:43:19 - [TEST_STEP][PASSED] - randomText = RandomStringUtils.randomAlphanumeric(5): null

2023-09-29 07:43:19 - [TEST_STEP][PASSED] - randomNum = RandomStringUtils.randomNumeric(5): null

2023-09-29 07:43:19 - [TEST_STEP][PASSED] - openBrowser(""): Browser is opened with url: ''

2023-09-29 07:43:19 - [MESSAGE][INFO] - Starting 'Chrome' driver

2023-09-29 07:43:19 - [MESSAGE][INFO] - Action delay is set to 0 milliseconds

2023-09-29 07:43:20 - [MESSAGE][PASSED] - Browser is opened with url: ''

2023-09-29 07:43:20 - [TEST_STEP][PASSED] - navigateToUrl("https://sandbox.product.prieds.com/"): Navigate to 'https://sandbox.product.prieds.com/' successfully

2023-09-29 07:43:47 - [MESSAGE][PASSED] - Navigate to 'https://sandbox.product.prieds.com/' successfully

2023-09-29 07:43:47 - [TEST_STEP][PASSED] - setText(findTestObject("Object Repository/Page_Prieds Technology/input_Sign In_username"), "testingwmslite2"): Text 'testingwmslite2' is set on object 'Object Repository/Page_Prieds Technology/input_Sign In_username'

2023-09-29 07:43:48 - [MESSAGE][PASSED] - Text 'testingwmslite2' is set on object 'Object Repository/Page_Prieds Technology/input_Sign In_username'

2023-09-29 07:43:48 - [TEST_STEP][PASSED] - setEncryptedText(findTestObject("Object Repository/Page_Prieds Technology/input_IDUsername_password"), "U8NeUUalMC6sqe9eTsnb2g=="): Text ****** has been set on object 'Object Repository/Page_Prieds Technology/input_IDUsername_password'

2023-09-29 07:43:48 - [MESSAGE][PASSED] - Text ****** has been set on object 'Object Repository/Page_Prieds Technology/input_IDUsername_password'

2023-09-29 07:43:48 - [TEST_STEP][PASSED] - click(findTestObject("Object Repository/Page_Prieds Technology/span_Login")): Object: 'Object Repository/Page_Prieds Technology/span_Login' is clicked on

2023-09-29 07:43:48 - [MESSAGE][PASSED] - Object: 'Object Repository/Page_Prieds Technology/span_Login' is clicked on

2023-09-29 07:43:48 - [TEST_STEP][PASSED] - click(findTestObject("Object Repository/Page_Prieds Technology/div_Master")): Object: 'Object Repository/Page_Prieds Technology/div_Master' is clicked on

2023-09-29 07:43:58 - [MESSAGE][PASSED] - Object: 'Object Repository/Page_Prieds Technology/div_Master' is clicked on

2023-09-29 07:43:58 - [TEST_STEP][PASSED] - click(findTestObject("Object Repository/Page_Prieds Technology/div_Customer Management")): Object: 'Object Repository/Page_Prieds Technology/div_Customer Management' is clicked on

2023-09-29 07:43:58 - [MESSAGE][PASSED] - Object: 'Object Repository/Page_Prieds Technology/div_Customer Management' is clicked on

2023-09-29 07:43:58 - [TEST_STEP][PASSED] - click(findTestObject("Object Repository/Page_Prieds Technology/div_Customer Register")): Object: 'Object Repository/Page_Prieds Technology/div_Customer Register' is clicked on

2023-09-29 07:44:01 - [MESSAGE][PASSED] - Object: 'Object Repository/Page_Prieds Technology/div_Customer Register' is clicked on

2023-09-29 07:44:01 - [TEST_STEP][PASSED] - setText(findTestObject("Object Repository/Page_Prieds Technology/input_Customer Biodata_createcustomer-custo_d931ad"), "customerid" + randomText): Text 'customerid2PhrN' is set on object 'Object Repository/Page_Prieds Technology/input_Customer Biodata_createcustomer-custo_d931ad'

2023-09-29 07:44:02 - [MESSAGE][PASSED] - Text 'customerid2PhrN' is set on object 'Object Repository/Page_Prieds Technology/input_Customer Biodata_createcustomer-custo_d931ad'

2023-09-29 07:44:02 - [TEST_STEP][PASSED] - click(findTestObject("Object Repository/Page_Prieds Technology/div_Salesman ID Salesman ID")): Object: 'Object Repository/Page_Prieds Technology/div_Salesman ID Salesman ID' is clicked on

2023-09-29 07:44:03 - [MESSAGE][PASSED] - Object: 'Object Repository/Page_Prieds Technology/div_Salesman ID Salesman ID' is clicked on

2023-09-29 07:44:03 - [TEST_STEP][PASSED] - click(findTestObject("Object Repository/Page_Prieds Technology/span_REYNER")): Object: 'Object Repository/Page_Prieds Technology/span_REYNER' is clicked on

2023-09-29 07:44:03 - [MESSAGE][PASSED] - Object: 'Object Repository/Page_Prieds Technology/span_REYNER' is clicked on

2023-09-29 07:44:03 - [TEST_STEP][PASSED] - setText(findTestObject("Object Repository/Page_Prieds Technology/input_Salesman ID_createcustomer-customerre_2602e6"), "customerName" + randomText): Text 'customerName2PhrN' is set on object 'Object Repository/Page_Prieds Technology/input_Salesman ID_createcustomer-customerre_2602e6'

2023-09-29 07:44:05 - [MESSAGE][PASSED] - Text 'customerName2PhrN' is set on object 'Object Repository/Page_Prieds Technology/input_Salesman ID_createcustomer-customerre_2602e6'

2023-09-29 07:44:05 - [TEST_STEP][PASSED] - setText(findTestObject("Object Repository/Page_Prieds Technology/input_Customer Name_createcustomer-customer_9f598b"), "PIC" + randomText): Text 'PIC2PhrN' is set on object 'Object Repository/Page_Prieds Technology/input_Customer Name_createcustomer-customer_9f598b'

2023-09-29 07:44:05 - [MESSAGE][PASSED] - Text 'PIC2PhrN' is set on object 'Object Repository/Page_Prieds Technology/input_Customer Name_createcustomer-customer_9f598b'

2023-09-29 07:44:05 - [TEST_STEP][PASSED] - setText(findTestObject("Object Repository/Page_Prieds Technology/input_PIC_createcustomer-customerregister-c_7d29d8"), "email" + randomText + "@mailinator.com"): Text 'email2PhrN@mailinator.com' is set on object 'Object Repository/Page_Prieds Technology/input_PIC_createcustomer-customerregister-c_7d29d8'

2023-09-29 07:44:06 - [MESSAGE][PASSED] - Text 'email2PhrN@mailinator.com' is set on object 'Object Repository/Page_Prieds Technology/input_PIC_createcustomer-customerregister-c_7d29d8'

2023-09-29 07:44:06 - [TEST_STEP][PASSED] - setText(findTestObject("Object Repository/Page_Prieds Technology/input_Email_createcustomer-customerregister_6409b8"), "city" + randomText): Text 'city2PhrN' is set on object 'Object Repository/Page_Prieds Technology/input_Email_createcustomer-customerregister_6409b8'

2023-09-29 07:44:07 - [MESSAGE][PASSED] - Text 'city2PhrN' is set on object 'Object Repository/Page_Prieds Technology/input_Email_createcustomer-customerregister_6409b8'

2023-09-29 07:44:07 - [TEST_STEP][PASSED] - setText(findTestObject("Object Repository/Page_Prieds Technology/input_City_createcustomer-customerregister-_1096a9"), "reMark" + randomText): Text 'reMark2PhrN' is set on object 'Object Repository/Page_Prieds Technology/input_City_createcustomer-customerregister-_1096a9'

2023-09-29 07:44:08 - [MESSAGE][PASSED] - Text 'reMark2PhrN' is set on object 'Object Repository/Page_Prieds Technology/input_City_createcustomer-customerregister-_1096a9'

2023-09-29 07:44:08 - [TEST_STEP][PASSED] - setText(findTestObject("Object Repository/Page_Prieds Technology/input_Remark_createcustomer-customerregiste_e3ba5d"), "08.178.554.2-123.321" + randomNum): Text '08.178.554.2-123.32167597' is set on object 'Object Repository/Page_Prieds Technology/input_Remark_createcustomer-customerregiste_e3ba5d'

2023-09-29 07:44:09 - [MESSAGE][PASSED] - Text '08.178.554.2-123.32167597' is set on object 'Object Repository/Page_Prieds Technology/input_Remark_createcustomer-customerregiste_e3ba5d'

2023-09-29 07:44:09 - [TEST_STEP][PASSED] - setText(findTestObject("Object Repository/Page_Prieds Technology/input_NPWP_createcustomer-customerregister-_b2e4d8"), "tier" + randomText): Text 'tier2PhrN' is set on object 'Object Repository/Page_Prieds Technology/input_NPWP_createcustomer-customerregister-_b2e4d8'

2023-09-29 07:44:10 - [MESSAGE][PASSED] - Text 'tier2PhrN' is set on object 'Object Repository/Page_Prieds Technology/input_NPWP_createcustomer-customerregister-_b2e4d8'

2023-09-29 07:44:10 - [TEST_STEP][PASSED] - setText(findTestObject("Object Repository/Page_Prieds Technology/textarea_Tier_createcustomer-customerregist_831bae"), "address1" + randomText): Text 'address12PhrN' is set on object 'Object Repository/Page_Prieds Technology/textarea_Tier_createcustomer-customerregist_831bae'

2023-09-29 07:44:10 - [MESSAGE][PASSED] - Text 'address12PhrN' is set on object 'Object Repository/Page_Prieds Technology/textarea_Tier_createcustomer-customerregist_831bae'

2023-09-29 07:44:10 - [TEST_STEP][PASSED] - setText(findTestObject("Object Repository/Page_Prieds Technology/textarea_Address_createcustomer-customerreg_2c8b43"), "address2" + randomText): Text 'address22PhrN' is set on object 'Object Repository/Page_Prieds Technology/textarea_Address_createcustomer-customerreg_2c8b43'

2023-09-29 07:44:12 - [MESSAGE][PASSED] - Text 'address22PhrN' is set on object 'Object Repository/Page_Prieds Technology/textarea_Address_createcustomer-customerreg_2c8b43'

2023-09-29 07:44:12 - [TEST_STEP][PASSED] - setText(findTestObject("Object Repository/Page_Prieds Technology/input_Address 2_createcustomer-customerregi_b33ca3"), "0801" + randomNum): Text '080167597' is set on object 'Object Repository/Page_Prieds Technology/input_Address 2_createcustomer-customerregi_b33ca3'

2023-09-29 07:44:13 - [MESSAGE][PASSED] - Text '080167597' is set on object 'Object Repository/Page_Prieds Technology/input_Address 2_createcustomer-customerregi_b33ca3'

2023-09-29 07:44:13 - [TEST_STEP][PASSED] - setText(findTestObject("Object Repository/Page_Prieds Technology/input_Contact No_createcustomer-customerreg_0f8d35"), "region" + randomText): Text 'region2PhrN' is set on object 'Object Repository/Page_Prieds Technology/input_Contact No_createcustomer-customerreg_0f8d35'

2023-09-29 07:44:14 - [MESSAGE][PASSED] - Text 'region2PhrN' is set on object 'Object Repository/Page_Prieds Technology/input_Contact No_createcustomer-customerreg_0f8d35'

2023-09-29 07:44:14 - [TEST_STEP][PASSED] - setText(findTestObject("Object Repository/Page_Prieds Technology/input_Region_createcustomer-customerregiste_b1824f"), "province" + randomText): Text 'province2PhrN' is set on object 'Object Repository/Page_Prieds Technology/input_Region_createcustomer-customerregiste_b1824f'

2023-09-29 07:44:14 - [MESSAGE][PASSED] - Text 'province2PhrN' is set on object 'Object Repository/Page_Prieds Technology/input_Region_createcustomer-customerregiste_b1824f'

2023-09-29 07:44:14 - [TEST_STEP][PASSED] - setText(findTestObject("Object Repository/Page_Prieds Technology/input_Province_createcustomer-customerregis_1acb6e"), ""): Text '' is set on object 'Object Repository/Page_Prieds Technology/input_Province_createcustomer-customerregis_1acb6e'

2023-09-29 07:44:15 - [MESSAGE][PASSED] - Text '' is set on object 'Object Repository/Page_Prieds Technology/input_Province_createcustomer-customerregis_1acb6e'

2023-09-29 07:44:15 - [TEST_STEP][PASSED] - click(findTestObject("Object Repository/Page_Prieds Technology/div_Term Of Payment")): Object: 'Object Repository/Page_Prieds Technology/div_Term Of Payment' is clicked on

2023-09-29 07:44:16 - [MESSAGE][PASSED] - Object: 'Object Repository/Page_Prieds Technology/div_Term Of Payment' is clicked on

2023-09-29 07:44:16 - [TEST_STEP][PASSED] - click(findTestObject("Object Repository/Page_Prieds Technology/span_NET0")): Object: 'Object Repository/Page_Prieds Technology/span_NET0' is clicked on

2023-09-29 07:44:16 - [MESSAGE][PASSED] - Object: 'Object Repository/Page_Prieds Technology/span_NET0' is clicked on

2023-09-29 07:44:16 - [TEST_STEP][PASSED] - click(findTestObject("Object Repository/Page_Prieds Technology/span_Submit")): Object: 'Object Repository/Page_Prieds Technology/span_Submit' is clicked on

2023-09-29 07:44:17 - [MESSAGE][PASSED] - Object: 'Object Repository/Page_Prieds Technology/span_Submit' is clicked on

2023-09-29 07:44:17 - [TEST_STEP][PASSED] - click(findTestObject("Object Repository/Page_Prieds Technology/span_Yes")): Object: 'Object Repository/Page_Prieds Technology/span_Yes' is clicked on

2023-09-29 07:44:18 - [MESSAGE][PASSED] - Object: 'Object Repository/Page_Prieds Technology/span_Yes' is clicked on

2023-09-29 07:44:18 - [TEST_STEP][PASSED] - closeBrowser(): Browser is closed

2023-09-29 07:44:19 - [MESSAGE][PASSED] - Browser is closed

2023-09-29 07:44:21 - [TEST_STEP][PASSED] - Video: Video recording for test case 'Test Cases/Functionality/negative-testcase2/regist new cust but empty expedition' .

2023-09-29 07:44:21 - [MESSAGE][INFO] - Video recording for test case 'Test Cases/Functionality/negative-testcase2/regist new cust but empty expedition' .]]></system-out>
         <system-err><![CDATA[]]></system-err>
      </testcase>
      <system-out><![CDATA[2023-09-29 07:23:03 - [TEST_SUITE][FAILED] - functional-negativecase2: Test Cases/Functionality/negative-testcase2/regist new cust but empty salesmanID FAILED.
Reason:
com.kms.katalon.core.exception.StepFailedException: Unable to click on object 'Object Repository/Page_Prieds Technology/div_Master'
	at com.kms.katalon.core.webui.keyword.internal.WebUIKeywordMain.stepFailed(WebUIKeywordMain.groovy:64)
	at com.kms.katalon.core.webui.keyword.internal.WebUIKeywordMain.runKeyword(WebUIKeywordMain.groovy:26)
	at com.kms.katalon.core.webui.keyword.builtin.ClickKeyword.click(ClickKeyword.groovy:74)
	at com.kms.katalon.core.webui.keyword.builtin.ClickKeyword.execute(ClickKeyword.groovy:40)
	at com.kms.katalon.core.keyword.internal.KeywordExecutor.executeKeywordForPlatform(KeywordExecutor.groovy:74)
	at com.kms.katalon.core.webui.keyword.WebUiBuiltInKeywords.click(WebUiBuiltInKeywords.groovy:620)
	at com.kms.katalon.core.webui.keyword.WebUiBuiltInKeywords$click$3.call(Unknown Source)
	at regist new cust but empty salesmanID.run(regist new cust but empty salesmanID:35)
	at com.kms.katalon.core.main.ScriptEngine.run(ScriptEngine.java:194)
	at com.kms.katalon.core.main.ScriptEngine.runScriptAsRawText(ScriptEngine.java:119)
	at com.kms.katalon.core.main.TestCaseExecutor.runScript(TestCaseExecutor.java:448)
	at com.kms.katalon.core.main.TestCaseExecutor.doExecute(TestCaseExecutor.java:439)
	at com.kms.katalon.core.main.TestCaseExecutor.processExecutionPhase(TestCaseExecutor.java:418)
	at com.kms.katalon.core.main.TestCaseExecutor.accessMainPhase(TestCaseExecutor.java:410)
	at com.kms.katalon.core.main.TestCaseExecutor.execute(TestCaseExecutor.java:285)
	at com.kms.katalon.core.common.CommonExecutor.accessTestCaseMainPhase(CommonExecutor.java:65)
	at com.kms.katalon.core.main.TestSuiteExecutor.accessTestSuiteMainPhase(TestSuiteExecutor.java:148)
	at com.kms.katalon.core.main.TestSuiteExecutor.execute(TestSuiteExecutor.java:106)
	at com.kms.katalon.core.main.TestCaseMain.startTestSuite(TestCaseMain.java:187)
	at com.kms.katalon.core.main.TestCaseMain$startTestSuite$0.call(Unknown Source)
	at TempTestSuite1695946981728.run(TempTestSuite1695946981728.groovy:36)
Caused by: com.kms.katalon.core.webui.exception.WebElementNotFoundException: Web element with id: 'Object Repository/Page_Prieds Technology/div_Master' located by '//button[@id='Master']/span/div/div/div' not found
	at com.kms.katalon.core.webui.common.WebUiCommonHelper.findWebElement(WebUiCommonHelper.java:1381)
	at com.kms.katalon.core.webui.keyword.internal.WebUIAbstractKeyword.findWebElement(WebUIAbstractKeyword.groovy:27)
	at com.kms.katalon.core.webui.keyword.builtin.ClickKeyword$_click_closure1.doCall(ClickKeyword.groovy:65)
	at com.kms.katalon.core.webui.keyword.builtin.ClickKeyword$_click_closure1.call(ClickKeyword.groovy)
	at com.kms.katalon.core.webui.keyword.internal.WebUIKeywordMain.runKeyword(WebUIKeywordMain.groovy:20)
	... 19 more]]></system-out>
      <system-err><![CDATA[2023-09-29 07:23:03 - [TEST_SUITE][FAILED] - functional-negativecase2: Test Cases/Functionality/negative-testcase2/regist new cust but empty salesmanID FAILED.
Reason:
com.kms.katalon.core.exception.StepFailedException: Unable to click on object 'Object Repository/Page_Prieds Technology/div_Master'
	at com.kms.katalon.core.webui.keyword.internal.WebUIKeywordMain.stepFailed(WebUIKeywordMain.groovy:64)
	at com.kms.katalon.core.webui.keyword.internal.WebUIKeywordMain.runKeyword(WebUIKeywordMain.groovy:26)
	at com.kms.katalon.core.webui.keyword.builtin.ClickKeyword.click(ClickKeyword.groovy:74)
	at com.kms.katalon.core.webui.keyword.builtin.ClickKeyword.execute(ClickKeyword.groovy:40)
	at com.kms.katalon.core.keyword.internal.KeywordExecutor.executeKeywordForPlatform(KeywordExecutor.groovy:74)
	at com.kms.katalon.core.webui.keyword.WebUiBuiltInKeywords.click(WebUiBuiltInKeywords.groovy:620)
	at com.kms.katalon.core.webui.keyword.WebUiBuiltInKeywords$click$3.call(Unknown Source)
	at regist new cust but empty salesmanID.run(regist new cust but empty salesmanID:35)
	at com.kms.katalon.core.main.ScriptEngine.run(ScriptEngine.java:194)
	at com.kms.katalon.core.main.ScriptEngine.runScriptAsRawText(ScriptEngine.java:119)
	at com.kms.katalon.core.main.TestCaseExecutor.runScript(TestCaseExecutor.java:448)
	at com.kms.katalon.core.main.TestCaseExecutor.doExecute(TestCaseExecutor.java:439)
	at com.kms.katalon.core.main.TestCaseExecutor.processExecutionPhase(TestCaseExecutor.java:418)
	at com.kms.katalon.core.main.TestCaseExecutor.accessMainPhase(TestCaseExecutor.java:410)
	at com.kms.katalon.core.main.TestCaseExecutor.execute(TestCaseExecutor.java:285)
	at com.kms.katalon.core.common.CommonExecutor.accessTestCaseMainPhase(CommonExecutor.java:65)
	at com.kms.katalon.core.main.TestSuiteExecutor.accessTestSuiteMainPhase(TestSuiteExecutor.java:148)
	at com.kms.katalon.core.main.TestSuiteExecutor.execute(TestSuiteExecutor.java:106)
	at com.kms.katalon.core.main.TestCaseMain.startTestSuite(TestCaseMain.java:187)
	at com.kms.katalon.core.main.TestCaseMain$startTestSuite$0.call(Unknown Source)
	at TempTestSuite1695946981728.run(TempTestSuite1695946981728.groovy:36)
Caused by: com.kms.katalon.core.webui.exception.WebElementNotFoundException: Web element with id: 'Object Repository/Page_Prieds Technology/div_Master' located by '//button[@id='Master']/span/div/div/div' not found
	at com.kms.katalon.core.webui.common.WebUiCommonHelper.findWebElement(WebUiCommonHelper.java:1381)
	at com.kms.katalon.core.webui.keyword.internal.WebUIAbstractKeyword.findWebElement(WebUIAbstractKeyword.groovy:27)
	at com.kms.katalon.core.webui.keyword.builtin.ClickKeyword$_click_closure1.doCall(ClickKeyword.groovy:65)
	at com.kms.katalon.core.webui.keyword.builtin.ClickKeyword$_click_closure1.call(ClickKeyword.groovy)
	at com.kms.katalon.core.webui.keyword.internal.WebUIKeywordMain.runKeyword(WebUIKeywordMain.groovy:20)
	... 19 more]]></system-err>
   </testsuite>
</testsuites>
